Executes /home/joel.chacon/Final_Experiment_Decomposition/vsd-moea-d-base-L-Indicator-Adaptation_ASF_V1/Ejecutable /home/joel.chacon/Final_Experiment_Decomposition/vsd-moea-d-base-L-Indicator-Adaptation_ASF_V1 DTLZ1 1 2 100 501 25000000 0 0.75 6 0.4 0.5 in core with id 1
Executes /home/joel.chacon/Final_Experiment_Decomposition/vsd-moea-d-base-L-Indicator-Adaptation_ASF_V1/Ejecutable /home/joel.chacon/Final_Experiment_Decomposition/vsd-moea-d-base-L-Indicator-Adaptation_ASF_V1 DTLZ1 2 2 100 501 25000000 0 0.75 6 0.4 0.5 in core with id 2
Executes /home/joel.chacon/Final_Experiment_Decomposition/vsd-moea-d-base-L-Indicator-Adaptation_ASF_V1/Ejecutable /home/joel.chacon/Final_Experiment_Decomposition/vsd-moea-d-base-L-Indicator-Adaptation_ASF_V1 DTLZ1 3 2 100 501 25000000 0 0.75 6 0.4 0.5 in core with id 3
Executes /home/joel.chacon/Final_Experiment_Decomposition/vsd-moea-d-base-L-Indicator-Adaptation_ASF_V1/Ejecutable /home/joel.chacon/Final_Experiment_Decomposition/vsd-moea-d-base-L-Indicator-Adaptation_ASF_V1 DTLZ1 4 2 100 501 25000000 0 0.75 6 0.4 0.5 in core with id 4
Executes /home/joel.chacon/Final_Experiment_Decomposition/vsd-moea-d-base-L-Indicator-Adaptation_ASF_V1/Ejecutable /home/joel.chacon/Final_Experiment_Decomposition/vsd-moea-d-base-L-Indicator-Adaptation_ASF_V1 DTLZ1 5 2 100 501 25000000 0 0.75 6 0.4 0.5 in core with id 5
Executes /home/joel.chacon/Final_Experiment_Decomposition/vsd-moea-d-base-L-Indicator-Adaptation_ASF_V1/Ejecutable /home/joel.chacon/Final_Experiment_Decomposition/vsd-moea-d-base-L-Indicator-Adaptation_ASF_V1 DTLZ1 6 2 100 501 25000000 0 0.75 6 0.4 0.5 in core with id 6
Executes /home/joel.chacon/Final_Experiment_Decomposition/vsd-moea-d-base-L-Indicator-Adaptation_ASF_V1/Ejecutable /home/joel.chacon/Final_Experiment_Decomposition/vsd-moea-d-base-L-Indicator-Adaptation_ASF_V1 DTLZ1 7 2 100 501 25000000 0 0.75 6 0.4 0.5 in core with id 7
Executes /home/joel.chacon/Final_Experiment_Decomposition/vsd-moea-d-base-L-Indicator-Adaptation_ASF_V1/Ejecutable /home/joel.chacon/Final_Experiment_Decomposition/vsd-moea-d-base-L-Indicator-Adaptation_ASF_V1 DTLZ1 8 2 100 501 25000000 0 0.75 6 0.4 0.5 in core with id 8
Executes /home/joel.chacon/Final_Experiment_Decomposition/vsd-moea-d-base-L-Indicator-Adaptation_ASF_V1/Ejecutable /home/joel.chacon/Final_Experiment_Decomposition/vsd-moea-d-base-L-Indicator-Adaptation_ASF_V1 DTLZ1 9 2 100 501 25000000 0 0.75 6 0.4 0.5 in core with id 9
Executes /home/joel.chacon/Final_Experiment_Decomposition/vsd-moea-d-base-L-Indicator-Adaptation_ASF_V1/Ejecutable /home/joel.chacon/Final_Experiment_Decomposition/vsd-moea-d-base-L-Indicator-Adaptation_ASF_V1 DTLZ1 10 2 100 501 25000000 0 0.75 6 0.4 0.5 in core with id 10
Executes /home/joel.chacon/Final_Experiment_Decomposition/vsd-moea-d-base-L-Indicator-Adaptation_ASF_V1/Ejecutable /home/joel.chacon/Final_Experiment_Decomposition/vsd-moea-d-base-L-Indicator-Adaptation_ASF_V1 DTLZ1 11 2 100 501 25000000 0 0.75 6 0.4 0.5 in core with id 11
Executes /home/joel.chacon/Final_Experiment_Decomposition/vsd-moea-d-base-L-Indicator-Adaptation_ASF_V1/Ejecutable /home/joel.chacon/Final_Experiment_Decomposition/vsd-moea-d-base-L-Indicator-Adaptation_ASF_V1 DTLZ1 12 2 100 501 25000000 0 0.75 6 0.4 0.5 in core with id 12
Executes /home/joel.chacon/Final_Experiment_Decomposition/vsd-moea-d-base-L-Indicator-Adaptation_ASF_V1/Ejecutable /home/joel.chacon/Final_Experiment_Decomposition/vsd-moea-d-base-L-Indicator-Adaptation_ASF_V1 DTLZ1 13 2 100 501 25000000 0 0.75 6 0.4 0.5 in core with id 13
Executes /home/joel.chacon/Final_Experiment_Decomposition/vsd-moea-d-base-L-Indicator-Adaptation_ASF_V1/Ejecutable /home/joel.chacon/Final_Experiment_Decomposition/vsd-moea-d-base-L-Indicator-Adaptation_ASF_V1 DTLZ1 14 2 100 501 25000000 0 0.75 6 0.4 0.5 in core with id 14
Executes /home/joel.chacon/Final_Experiment_Decomposition/vsd-moea-d-base-L-Indicator-Adaptation_ASF_V1/Ejecutable /home/joel.chacon/Final_Experiment_Decomposition/vsd-moea-d-base-L-Indicator-Adaptation_ASF_V1 DTLZ1 15 2 100 501 25000000 0 0.75 6 0.4 0.5 in core with id 15
Executes /home/joel.chacon/Final_Experiment_Decomposition/vsd-moea-d-base-L-Indicator-Adaptation_ASF_V1/Ejecutable /home/joel.chacon/Final_Experiment_Decomposition/vsd-moea-d-base-L-Indicator-Adaptation_ASF_V1 DTLZ1 16 2 100 501 25000000 0 0.75 6 0.4 0.5 in core with id 16
Executes /home/joel.chacon/Final_Experiment_Decomposition/vsd-moea-d-base-L-Indicator-Adaptation_ASF_V1/Ejecutable /home/joel.chacon/Final_Experiment_Decomposition/vsd-moea-d-base-L-Indicator-Adaptation_ASF_V1 DTLZ1 17 2 100 501 25000000 0 0.75 6 0.4 0.5 in core with id 17
Executes /home/joel.chacon/Final_Experiment_Decomposition/vsd-moea-d-base-L-Indicator-Adaptation_ASF_V1/Ejecutable /home/joel.chacon/Final_Experiment_Decomposition/vsd-moea-d-base-L-Indicator-Adaptation_ASF_V1 DTLZ1 18 2 100 501 25000000 0 0.75 6 0.4 0.5 in core with id 18
Executes /home/joel.chacon/Final_Experiment_Decomposition/vsd-moea-d-base-L-Indicator-Adaptation_ASF_V1/Ejecutable /home/joel.chacon/Final_Experiment_Decomposition/vsd-moea-d-base-L-Indicator-Adaptation_ASF_V1 DTLZ1 19 2 100 501 25000000 0 0.75 6 0.4 0.5 in core with id 19
Executes /home/joel.chacon/Final_Experiment_Decomposition/vsd-moea-d-base-L-Indicator-Adaptation_ASF_V1/Ejecutable /home/joel.chacon/Final_Experiment_Decomposition/vsd-moea-d-base-L-Indicator-Adaptation_ASF_V1 DTLZ1 20 2 100 501 25000000 0 0.75 6 0.4 0.5 in core with id 20
Executes /home/joel.chacon/Final_Experiment_Decomposition/vsd-moea-d-base-L-Indicator-Adaptation_ASF_V1/Ejecutable /home/joel.chacon/Final_Experiment_Decomposition/vsd-moea-d-base-L-Indicator-Adaptation_ASF_V1 DTLZ1 21 2 100 501 25000000 0 0.75 6 0.4 0.5 in core with id 21
Executes /home/joel.chacon/Final_Experiment_Decomposition/vsd-moea-d-base-L-Indicator-Adaptation_ASF_V1/Ejecutable /home/joel.chacon/Final_Experiment_Decomposition/vsd-moea-d-base-L-Indicator-Adaptation_ASF_V1 DTLZ1 22 2 100 501 25000000 0 0.75 6 0.4 0.5 in core with id 22
Executes /home/joel.chacon/Final_Experiment_Decomposition/vsd-moea-d-base-L-Indicator-Adaptation_ASF_V1/Ejecutable /home/joel.chacon/Final_Experiment_Decomposition/vsd-moea-d-base-L-Indicator-Adaptation_ASF_V1 DTLZ1 23 2 100 501 25000000 0 0.75 6 0.4 0.5 in core with id 23
Executes /home/joel.chacon/Final_Experiment_Decomposition/vsd-moea-d-base-L-Indicator-Adaptation_ASF_V1/Ejecutable /home/joel.chacon/Final_Experiment_Decomposition/vsd-moea-d-base-L-Indicator-Adaptation_ASF_V1 DTLZ1 24 2 100 501 25000000 0 0.75 6 0.4 0.5 in core with id 24
Executes /home/joel.chacon/Final_Experiment_Decomposition/vsd-moea-d-base-L-Indicator-Adaptation_ASF_V1/Ejecutable /home/joel.chacon/Final_Experiment_Decomposition/vsd-moea-d-base-L-Indicator-Adaptation_ASF_V1 DTLZ1 25 2 100 501 25000000 0 0.75 6 0.4 0.5 in core with id 25
Executes /home/joel.chacon/Final_Experiment_Decomposition/vsd-moea-d-base-L-Indicator-Adaptation_ASF_V1/Ejecutable /home/joel.chacon/Final_Experiment_Decomposition/vsd-moea-d-base-L-Indicator-Adaptation_ASF_V1 DTLZ1 26 2 100 501 25000000 0 0.75 6 0.4 0.5 in core with id 26
Executes /home/joel.chacon/Final_Experiment_Decomposition/vsd-moea-d-base-L-Indicator-Adaptation_ASF_V1/Ejecutable /home/joel.chacon/Final_Experiment_Decomposition/vsd-moea-d-base-L-Indicator-Adaptation_ASF_V1 DTLZ1 27 2 100 501 25000000 0 0.75 6 0.4 0.5 in core with id 27
Executes /home/joel.chacon/Final_Experiment_Decomposition/vsd-moea-d-base-L-Indicator-Adaptation_ASF_V1/Ejecutable /home/joel.chacon/Final_Experiment_Decomposition/vsd-moea-d-base-L-Indicator-Adaptation_ASF_V1 DTLZ1 28 2 100 501 25000000 0 0.75 6 0.4 0.5 in core with id 28
Executes /home/joel.chacon/Final_Experiment_Decomposition/vsd-moea-d-base-L-Indicator-Adaptation_ASF_V1/Ejecutable /home/joel.chacon/Final_Experiment_Decomposition/vsd-moea-d-base-L-Indicator-Adaptation_ASF_V1 DTLZ1 29 2 100 501 25000000 0 0.75 6 0.4 0.5 in core with id 29
Executes /home/joel.chacon/Final_Experiment_Decomposition/vsd-moea-d-base-L-Indicator-Adaptation_ASF_V1/Ejecutable /home/joel.chacon/Final_Experiment_Decomposition/vsd-moea-d-base-L-Indicator-Adaptation_ASF_V1 DTLZ1 30 2 100 501 25000000 0 0.75 6 0.4 0.5 in core with id 30
Executes /home/joel.chacon/Final_Experiment_Decomposition/vsd-moea-d-base-L-Indicator-Adaptation_ASF_V1/Ejecutable /home/joel.chacon/Final_Experiment_Decomposition/vsd-moea-d-base-L-Indicator-Adaptation_ASF_V1 DTLZ1 31 2 100 501 25000000 0 0.75 6 0.4 0.5 in core with id 31
Executes /home/joel.chacon/Final_Experiment_Decomposition/vsd-moea-d-base-L-Indicator-Adaptation_ASF_V1/Ejecutable /home/joel.chacon/Final_Experiment_Decomposition/vsd-moea-d-base-L-Indicator-Adaptation_ASF_V1 DTLZ1 32 2 100 501 25000000 0 0.75 6 0.4 0.5 in core with id 32
Executes /home/joel.chacon/Final_Experiment_Decomposition/vsd-moea-d-base-L-Indicator-Adaptation_ASF_V1/Ejecutable /home/joel.chacon/Final_Experiment_Decomposition/vsd-moea-d-base-L-Indicator-Adaptation_ASF_V1 DTLZ1 33 2 100 501 25000000 0 0.75 6 0.4 0.5 in core with id 33
Executes /home/joel.chacon/Final_Experiment_Decomposition/vsd-moea-d-base-L-Indicator-Adaptation_ASF_V1/Ejecutable /home/joel.chacon/Final_Experiment_Decomposition/vsd-moea-d-base-L-Indicator-Adaptation_ASF_V1 DTLZ1 34 2 100 501 25000000 0 0.75 6 0.4 0.5 in core with id 34
Executes /home/joel.chacon/Final_Experiment_Decomposition/vsd-moea-d-base-L-Indicator-Adaptation_ASF_V1/Ejecutable /home/joel.chacon/Final_Experiment_Decomposition/vsd-moea-d-base-L-Indicator-Adaptation_ASF_V1 DTLZ1 35 2 100 501 25000000 0 0.75 6 0.4 0.5 in core with id 35
Executes /home/joel.chacon/Final_Experiment_Decomposition/vsd-moea-d-base-L-Indicator-Adaptation_ASF_V1/Ejecutable /home/joel.chacon/Final_Experiment_Decomposition/vsd-moea-d-base-L-Indicator-Adaptation_ASF_V1 DTLZ1 1 3 100 496 25000000 0 0.75 7 0.4 0.5 in core with id 36
Executes /home/joel.chacon/Final_Experiment_Decomposition/vsd-moea-d-base-L-Indicator-Adaptation_ASF_V1/Ejecutable /home/joel.chacon/Final_Experiment_Decomposition/vsd-moea-d-base-L-Indicator-Adaptation_ASF_V1 DTLZ1 2 3 100 496 25000000 0 0.75 7 0.4 0.5 in core with id 37
Executes /home/joel.chacon/Final_Experiment_Decomposition/vsd-moea-d-base-L-Indicator-Adaptation_ASF_V1/Ejecutable /home/joel.chacon/Final_Experiment_Decomposition/vsd-moea-d-base-L-Indicator-Adaptation_ASF_V1 DTLZ1 3 3 100 496 25000000 0 0.75 7 0.4 0.5 in core with id 38
Executes /home/joel.chacon/Final_Experiment_Decomposition/vsd-moea-d-base-L-Indicator-Adaptation_ASF_V1/Ejecutable /home/joel.chacon/Final_Experiment_Decomposition/vsd-moea-d-base-L-Indicator-Adaptation_ASF_V1 DTLZ1 4 3 100 496 25000000 0 0.75 7 0.4 0.5 in core with id 39
Executes /home/joel.chacon/Final_Experiment_Decomposition/vsd-moea-d-base-L-Indicator-Adaptation_ASF_V1/Ejecutable /home/joel.chacon/Final_Experiment_Decomposition/vsd-moea-d-base-L-Indicator-Adaptation_ASF_V1 DTLZ1 5 3 100 496 25000000 0 0.75 7 0.4 0.5 in core with id 40
Executes /home/joel.chacon/Final_Experiment_Decomposition/vsd-moea-d-base-L-Indicator-Adaptation_ASF_V1/Ejecutable /home/joel.chacon/Final_Experiment_Decomposition/vsd-moea-d-base-L-Indicator-Adaptation_ASF_V1 DTLZ1 6 3 100 496 25000000 0 0.75 7 0.4 0.5 in core with id 41
Executes /home/joel.chacon/Final_Experiment_Decomposition/vsd-moea-d-base-L-Indicator-Adaptation_ASF_V1/Ejecutable /home/joel.chacon/Final_Experiment_Decomposition/vsd-moea-d-base-L-Indicator-Adaptation_ASF_V1 DTLZ1 7 3 100 496 25000000 0 0.75 7 0.4 0.5 in core with id 42
Executes /home/joel.chacon/Final_Experiment_Decomposition/vsd-moea-d-base-L-Indicator-Adaptation_ASF_V1/Ejecutable /home/joel.chacon/Final_Experiment_Decomposition/vsd-moea-d-base-L-Indicator-Adaptation_ASF_V1 DTLZ1 8 3 100 496 25000000 0 0.75 7 0.4 0.5 in core with id 43
Executes /home/joel.chacon/Final_Experiment_Decomposition/vsd-moea-d-base-L-Indicator-Adaptation_ASF_V1/Ejecutable /home/joel.chacon/Final_Experiment_Decomposition/vsd-moea-d-base-L-Indicator-Adaptation_ASF_V1 DTLZ1 9 3 100 496 25000000 0 0.75 7 0.4 0.5 in core with id 44
Executes /home/joel.chacon/Final_Experiment_Decomposition/vsd-moea-d-base-L-Indicator-Adaptation_ASF_V1/Ejecutable /home/joel.chacon/Final_Experiment_Decomposition/vsd-moea-d-base-L-Indicator-Adaptation_ASF_V1 DTLZ1 10 3 100 496 25000000 0 0.75 7 0.4 0.5 in core with id 45
Executes /home/joel.chacon/Final_Experiment_Decomposition/vsd-moea-d-base-L-Indicator-Adaptation_ASF_V1/Ejecutable /home/joel.chacon/Final_Experiment_Decomposition/vsd-moea-d-base-L-Indicator-Adaptation_ASF_V1 DTLZ1 11 3 100 496 25000000 0 0.75 7 0.4 0.5 in core with id 46
Executes /home/joel.chacon/Final_Experiment_Decomposition/vsd-moea-d-base-L-Indicator-Adaptation_ASF_V1/Ejecutable /home/joel.chacon/Final_Experiment_Decomposition/vsd-moea-d-base-L-Indicator-Adaptation_ASF_V1 DTLZ1 12 3 100 496 25000000 0 0.75 7 0.4 0.5 in core with id 47
Executes /home/joel.chacon/Final_Experiment_Decomposition/vsd-moea-d-base-L-Indicator-Adaptation_ASF_V1/Ejecutable /home/joel.chacon/Final_Experiment_Decomposition/vsd-moea-d-base-L-Indicator-Adaptation_ASF_V1 DTLZ1 13 3 100 496 25000000 0 0.75 7 0.4 0.5 in core with id 48
Executes /home/joel.chacon/Final_Experiment_Decomposition/vsd-moea-d-base-L-Indicator-Adaptation_ASF_V1/Ejecutable /home/joel.chacon/Final_Experiment_Decomposition/vsd-moea-d-base-L-Indicator-Adaptation_ASF_V1 DTLZ1 14 3 100 496 25000000 0 0.75 7 0.4 0.5 in core with id 49
Executes /home/joel.chacon/Final_Experiment_Decomposition/vsd-moea-d-base-L-Indicator-Adaptation_ASF_V1/Ejecutable /home/joel.chacon/Final_Experiment_Decomposition/vsd-moea-d-base-L-Indicator-Adaptation_ASF_V1 DTLZ1 15 3 100 496 25000000 0 0.75 7 0.4 0.5 in core with id 50
Executes /home/joel.chacon/Final_Experiment_Decomposition/vsd-moea-d-base-L-Indicator-Adaptation_ASF_V1/Ejecutable /home/joel.chacon/Final_Experiment_Decomposition/vsd-moea-d-base-L-Indicator-Adaptation_ASF_V1 DTLZ1 16 3 100 496 25000000 0 0.75 7 0.4 0.5 in core with id 51
Executes /home/joel.chacon/Final_Experiment_Decomposition/vsd-moea-d-base-L-Indicator-Adaptation_ASF_V1/Ejecutable /home/joel.chacon/Final_Experiment_Decomposition/vsd-moea-d-base-L-Indicator-Adaptation_ASF_V1 DTLZ1 17 3 100 496 25000000 0 0.75 7 0.4 0.5 in core with id 52
Executes /home/joel.chacon/Final_Experiment_Decomposition/vsd-moea-d-base-L-Indicator-Adaptation_ASF_V1/Ejecutable /home/joel.chacon/Final_Experiment_Decomposition/vsd-moea-d-base-L-Indicator-Adaptation_ASF_V1 DTLZ1 18 3 100 496 25000000 0 0.75 7 0.4 0.5 in core with id 53
Executes /home/joel.chacon/Final_Experiment_Decomposition/vsd-moea-d-base-L-Indicator-Adaptation_ASF_V1/Ejecutable /home/joel.chacon/Final_Experiment_Decomposition/vsd-moea-d-base-L-Indicator-Adaptation_ASF_V1 DTLZ1 19 3 100 496 25000000 0 0.75 7 0.4 0.5 in core with id 54
Executes /home/joel.chacon/Final_Experiment_Decomposition/vsd-moea-d-base-L-Indicator-Adaptation_ASF_V1/Ejecutable /home/joel.chacon/Final_Experiment_Decomposition/vsd-moea-d-base-L-Indicator-Adaptation_ASF_V1 DTLZ1 20 3 100 496 25000000 0 0.75 7 0.4 0.5 in core with id 55
Executes /home/joel.chacon/Final_Experiment_Decomposition/vsd-moea-d-base-L-Indicator-Adaptation_ASF_V1/Ejecutable /home/joel.chacon/Final_Experiment_Decomposition/vsd-moea-d-base-L-Indicator-Adaptation_ASF_V1 DTLZ1 21 3 100 496 25000000 0 0.75 7 0.4 0.5 in core with id 56
Executes /home/joel.chacon/Final_Experiment_Decomposition/vsd-moea-d-base-L-Indicator-Adaptation_ASF_V1/Ejecutable /home/joel.chacon/Final_Experiment_Decomposition/vsd-moea-d-base-L-Indicator-Adaptation_ASF_V1 DTLZ1 22 3 100 496 25000000 0 0.75 7 0.4 0.5 in core with id 57
Executes /home/joel.chacon/Final_Experiment_Decomposition/vsd-moea-d-base-L-Indicator-Adaptation_ASF_V1/Ejecutable /home/joel.chacon/Final_Experiment_Decomposition/vsd-moea-d-base-L-Indicator-Adaptation_ASF_V1 DTLZ1 23 3 100 496 25000000 0 0.75 7 0.4 0.5 in core with id 58
Executes /home/joel.chacon/Final_Experiment_Decomposition/vsd-moea-d-base-L-Indicator-Adaptation_ASF_V1/Ejecutable /home/joel.chacon/Final_Experiment_Decomposition/vsd-moea-d-base-L-Indicator-Adaptation_ASF_V1 DTLZ1 24 3 100 496 25000000 0 0.75 7 0.4 0.5 in core with id 59
Executes /home/joel.chacon/Final_Experiment_Decomposition/vsd-moea-d-base-L-Indicator-Adaptation_ASF_V1/Ejecutable /home/joel.chacon/Final_Experiment_Decomposition/vsd-moea-d-base-L-Indicator-Adaptation_ASF_V1 DTLZ1 25 3 100 496 25000000 0 0.75 7 0.4 0.5 in core with id 60
Executes /home/joel.chacon/Final_Experiment_Decomposition/vsd-moea-d-base-L-Indicator-Adaptation_ASF_V1/Ejecutable /home/joel.chacon/Final_Experiment_Decomposition/vsd-moea-d-base-L-Indicator-Adaptation_ASF_V1 DTLZ1 26 3 100 496 25000000 0 0.75 7 0.4 0.5 in core with id 61
Executes /home/joel.chacon/Final_Experiment_Decomposition/vsd-moea-d-base-L-Indicator-Adaptation_ASF_V1/Ejecutable /home/joel.chacon/Final_Experiment_Decomposition/vsd-moea-d-base-L-Indicator-Adaptation_ASF_V1 DTLZ1 27 3 100 496 25000000 0 0.75 7 0.4 0.5 in core with id 62
Executes /home/joel.chacon/Final_Experiment_Decomposition/vsd-moea-d-base-L-Indicator-Adaptation_ASF_V1/Ejecutable /home/joel.chacon/Final_Experiment_Decomposition/vsd-moea-d-base-L-Indicator-Adaptation_ASF_V1 DTLZ1 28 3 100 496 25000000 0 0.75 7 0.4 0.5 in core with id 63
Executes /home/joel.chacon/Final_Experiment_Decomposition/vsd-moea-d-base-L-Indicator-Adaptation_ASF_V1/Ejecutable /home/joel.chacon/Final_Experiment_Decomposition/vsd-moea-d-base-L-Indicator-Adaptation_ASF_V1 DTLZ1 29 3 100 496 25000000 0 0.75 7 0.4 0.5 in core with id 64
Executes /home/joel.chacon/Final_Experiment_Decomposition/vsd-moea-d-base-L-Indicator-Adaptation_ASF_V1/Ejecutable /home/joel.chacon/Final_Experiment_Decomposition/vsd-moea-d-base-L-Indicator-Adaptation_ASF_V1 DTLZ1 30 3 100 496 25000000 0 0.75 7 0.4 0.5 in core with id 65
Executes /home/joel.chacon/Final_Experiment_Decomposition/vsd-moea-d-base-L-Indicator-Adaptation_ASF_V1/Ejecutable /home/joel.chacon/Final_Experiment_Decomposition/vsd-moea-d-base-L-Indicator-Adaptation_ASF_V1 DTLZ1 31 3 100 496 25000000 0 0.75 7 0.4 0.5 in core with id 66
Executes /home/joel.chacon/Final_Experiment_Decomposition/vsd-moea-d-base-L-Indicator-Adaptation_ASF_V1/Ejecutable /home/joel.chacon/Final_Experiment_Decomposition/vsd-moea-d-base-L-Indicator-Adaptation_ASF_V1 DTLZ1 32 3 100 496 25000000 0 0.75 7 0.4 0.5 in core with id 67
Executes /home/joel.chacon/Final_Experiment_Decomposition/vsd-moea-d-base-L-Indicator-Adaptation_ASF_V1/Ejecutable /home/joel.chacon/Final_Experiment_Decomposition/vsd-moea-d-base-L-Indicator-Adaptation_ASF_V1 DTLZ1 33 3 100 496 25000000 0 0.75 7 0.4 0.5 in core with id 68
Executes /home/joel.chacon/Final_Experiment_Decomposition/vsd-moea-d-base-L-Indicator-Adaptation_ASF_V1/Ejecutable /home/joel.chacon/Final_Experiment_Decomposition/vsd-moea-d-base-L-Indicator-Adaptation_ASF_V1 DTLZ1 34 3 100 496 25000000 0 0.75 7 0.4 0.5 in core with id 69
Executes /home/joel.chacon/Final_Experiment_Decomposition/vsd-moea-d-base-L-Indicator-Adaptation_ASF_V1/Ejecutable /home/joel.chacon/Final_Experiment_Decomposition/vsd-moea-d-base-L-Indicator-Adaptation_ASF_V1 DTLZ1 35 3 100 496 25000000 0 0.75 7 0.4 0.5 in core with id 70
Executes /home/joel.chacon/Final_Experiment_Decomposition/vsd-moea-d-base-L-Indicator-Adaptation_ASF_V1/Ejecutable /home/joel.chacon/Final_Experiment_Decomposition/vsd-moea-d-base-L-Indicator-Adaptation_ASF_V1 DTLZ2 1 2 100 501 25000000 0 0.75 11 0.4 0.5 in core with id 71
Executes /home/joel.chacon/Final_Experiment_Decomposition/vsd-moea-d-base-L-Indicator-Adaptation_ASF_V1/Ejecutable /home/joel.chacon/Final_Experiment_Decomposition/vsd-moea-d-base-L-Indicator-Adaptation_ASF_V1 DTLZ2 2 2 100 501 25000000 0 0.75 11 0.4 0.5 in core with id 72
Executes /home/joel.chacon/Final_Experiment_Decomposition/vsd-moea-d-base-L-Indicator-Adaptation_ASF_V1/Ejecutable /home/joel.chacon/Final_Experiment_Decomposition/vsd-moea-d-base-L-Indicator-Adaptation_ASF_V1 DTLZ2 3 2 100 501 25000000 0 0.75 11 0.4 0.5 in core with id 73
Executes /home/joel.chacon/Final_Experiment_Decomposition/vsd-moea-d-base-L-Indicator-Adaptation_ASF_V1/Ejecutable /home/joel.chacon/Final_Experiment_Decomposition/vsd-moea-d-base-L-Indicator-Adaptation_ASF_V1 DTLZ2 4 2 100 501 25000000 0 0.75 11 0.4 0.5 in core with id 74
Executes /home/joel.chacon/Final_Experiment_Decomposition/vsd-moea-d-base-L-Indicator-Adaptation_ASF_V1/Ejecutable /home/joel.chacon/Final_Experiment_Decomposition/vsd-moea-d-base-L-Indicator-Adaptation_ASF_V1 DTLZ2 5 2 100 501 25000000 0 0.75 11 0.4 0.5 in core with id 75
Executes /home/joel.chacon/Final_Experiment_Decomposition/vsd-moea-d-base-L-Indicator-Adaptation_ASF_V1/Ejecutable /home/joel.chacon/Final_Experiment_Decomposition/vsd-moea-d-base-L-Indicator-Adaptation_ASF_V1 DTLZ2 6 2 100 501 25000000 0 0.75 11 0.4 0.5 in core with id 76
Executes /home/joel.chacon/Final_Experiment_Decomposition/vsd-moea-d-base-L-Indicator-Adaptation_ASF_V1/Ejecutable /home/joel.chacon/Final_Experiment_Decomposition/vsd-moea-d-base-L-Indicator-Adaptation_ASF_V1 DTLZ2 7 2 100 501 25000000 0 0.75 11 0.4 0.5 in core with id 77
Executes /home/joel.chacon/Final_Experiment_Decomposition/vsd-moea-d-base-L-Indicator-Adaptation_ASF_V1/Ejecutable /home/joel.chacon/Final_Experiment_Decomposition/vsd-moea-d-base-L-Indicator-Adaptation_ASF_V1 DTLZ2 8 2 100 501 25000000 0 0.75 11 0.4 0.5 in core with id 78
Executes /home/joel.chacon/Final_Experiment_Decomposition/vsd-moea-d-base-L-Indicator-Adaptation_ASF_V1/Ejecutable /home/joel.chacon/Final_Experiment_Decomposition/vsd-moea-d-base-L-Indicator-Adaptation_ASF_V1 DTLZ2 9 2 100 501 25000000 0 0.75 11 0.4 0.5 in core with id 79
Executes /home/joel.chacon/Final_Experiment_Decomposition/vsd-moea-d-base-L-Indicator-Adaptation_ASF_V1/Ejecutable /home/joel.chacon/Final_Experiment_Decomposition/vsd-moea-d-base-L-Indicator-Adaptation_ASF_V1 DTLZ2 10 2 100 501 25000000 0 0.75 11 0.4 0.5 in core with id 80
Executes /home/joel.chacon/Final_Experiment_Decomposition/vsd-moea-d-base-L-Indicator-Adaptation_ASF_V1/Ejecutable /home/joel.chacon/Final_Experiment_Decomposition/vsd-moea-d-base-L-Indicator-Adaptation_ASF_V1 DTLZ2 11 2 100 501 25000000 0 0.75 11 0.4 0.5 in core with id 81
Executes /home/joel.chacon/Final_Experiment_Decomposition/vsd-moea-d-base-L-Indicator-Adaptation_ASF_V1/Ejecutable /home/joel.chacon/Final_Experiment_Decomposition/vsd-moea-d-base-L-Indicator-Adaptation_ASF_V1 DTLZ2 12 2 100 501 25000000 0 0.75 11 0.4 0.5 in core with id 82
Executes /home/joel.chacon/Final_Experiment_Decomposition/vsd-moea-d-base-L-Indicator-Adaptation_ASF_V1/Ejecutable /home/joel.chacon/Final_Experiment_Decomposition/vsd-moea-d-base-L-Indicator-Adaptation_ASF_V1 DTLZ2 13 2 100 501 25000000 0 0.75 11 0.4 0.5 in core with id 83
Executes /home/joel.chacon/Final_Experiment_Decomposition/vsd-moea-d-base-L-Indicator-Adaptation_ASF_V1/Ejecutable /home/joel.chacon/Final_Experiment_Decomposition/vsd-moea-d-base-L-Indicator-Adaptation_ASF_V1 DTLZ2 14 2 100 501 25000000 0 0.75 11 0.4 0.5 in core with id 84
Executes /home/joel.chacon/Final_Experiment_Decomposition/vsd-moea-d-base-L-Indicator-Adaptation_ASF_V1/Ejecutable /home/joel.chacon/Final_Experiment_Decomposition/vsd-moea-d-base-L-Indicator-Adaptation_ASF_V1 DTLZ2 15 2 100 501 25000000 0 0.75 11 0.4 0.5 in core with id 85
Executes /home/joel.chacon/Final_Experiment_Decomposition/vsd-moea-d-base-L-Indicator-Adaptation_ASF_V1/Ejecutable /home/joel.chacon/Final_Experiment_Decomposition/vsd-moea-d-base-L-Indicator-Adaptation_ASF_V1 DTLZ2 16 2 100 501 25000000 0 0.75 11 0.4 0.5 in core with id 86
Executes /home/joel.chacon/Final_Experiment_Decomposition/vsd-moea-d-base-L-Indicator-Adaptation_ASF_V1/Ejecutable /home/joel.chacon/Final_Experiment_Decomposition/vsd-moea-d-base-L-Indicator-Adaptation_ASF_V1 DTLZ2 17 2 100 501 25000000 0 0.75 11 0.4 0.5 in core with id 87
Executes /home/joel.chacon/Final_Experiment_Decomposition/vsd-moea-d-base-L-Indicator-Adaptation_ASF_V1/Ejecutable /home/joel.chacon/Final_Experiment_Decomposition/vsd-moea-d-base-L-Indicator-Adaptation_ASF_V1 DTLZ2 18 2 100 501 25000000 0 0.75 11 0.4 0.5 in core with id 88
Executes /home/joel.chacon/Final_Experiment_Decomposition/vsd-moea-d-base-L-Indicator-Adaptation_ASF_V1/Ejecutable /home/joel.chacon/Final_Experiment_Decomposition/vsd-moea-d-base-L-Indicator-Adaptation_ASF_V1 DTLZ2 19 2 100 501 25000000 0 0.75 11 0.4 0.5 in core with id 89
Executes /home/joel.chacon/Final_Experiment_Decomposition/vsd-moea-d-base-L-Indicator-Adaptation_ASF_V1/Ejecutable /home/joel.chacon/Final_Experiment_Decomposition/vsd-moea-d-base-L-Indicator-Adaptation_ASF_V1 DTLZ2 20 2 100 501 25000000 0 0.75 11 0.4 0.5 in core with id 90
Executes /home/joel.chacon/Final_Experiment_Decomposition/vsd-moea-d-base-L-Indicator-Adaptation_ASF_V1/Ejecutable /home/joel.chacon/Final_Experiment_Decomposition/vsd-moea-d-base-L-Indicator-Adaptation_ASF_V1 DTLZ2 21 2 100 501 25000000 0 0.75 11 0.4 0.5 in core with id 91
Executes /home/joel.chacon/Final_Experiment_Decomposition/vsd-moea-d-base-L-Indicator-Adaptation_ASF_V1/Ejecutable /home/joel.chacon/Final_Experiment_Decomposition/vsd-moea-d-base-L-Indicator-Adaptation_ASF_V1 DTLZ2 22 2 100 501 25000000 0 0.75 11 0.4 0.5 in core with id 92
Executes /home/joel.chacon/Final_Experiment_Decomposition/vsd-moea-d-base-L-Indicator-Adaptation_ASF_V1/Ejecutable /home/joel.chacon/Final_Experiment_Decomposition/vsd-moea-d-base-L-Indicator-Adaptation_ASF_V1 DTLZ2 23 2 100 501 25000000 0 0.75 11 0.4 0.5 in core with id 93
Executes /home/joel.chacon/Final_Experiment_Decomposition/vsd-moea-d-base-L-Indicator-Adaptation_ASF_V1/Ejecutable /home/joel.chacon/Final_Experiment_Decomposition/vsd-moea-d-base-L-Indicator-Adaptation_ASF_V1 DTLZ2 24 2 100 501 25000000 0 0.75 11 0.4 0.5 in core with id 94
Executes /home/joel.chacon/Final_Experiment_Decomposition/vsd-moea-d-base-L-Indicator-Adaptation_ASF_V1/Ejecutable /home/joel.chacon/Final_Experiment_Decomposition/vsd-moea-d-base-L-Indicator-Adaptation_ASF_V1 DTLZ2 25 2 100 501 25000000 0 0.75 11 0.4 0.5 in core with id 95
Executes /home/joel.chacon/Final_Experiment_Decomposition/vsd-moea-d-base-L-Indicator-Adaptation_ASF_V1/Ejecutable /home/joel.chacon/Final_Experiment_Decomposition/vsd-moea-d-base-L-Indicator-Adaptation_ASF_V1 DTLZ2 26 2 100 501 25000000 0 0.75 11 0.4 0.5 in core with id 96
Executes /home/joel.chacon/Final_Experiment_Decomposition/vsd-moea-d-base-L-Indicator-Adaptation_ASF_V1/Ejecutable /home/joel.chacon/Final_Experiment_Decomposition/vsd-moea-d-base-L-Indicator-Adaptation_ASF_V1 DTLZ2 27 2 100 501 25000000 0 0.75 11 0.4 0.5 in core with id 97
Executes /home/joel.chacon/Final_Experiment_Decomposition/vsd-moea-d-base-L-Indicator-Adaptation_ASF_V1/Ejecutable /home/joel.chacon/Final_Experiment_Decomposition/vsd-moea-d-base-L-Indicator-Adaptation_ASF_V1 DTLZ2 28 2 100 501 25000000 0 0.75 11 0.4 0.5 in core with id 98
Executes /home/joel.chacon/Final_Experiment_Decomposition/vsd-moea-d-base-L-Indicator-Adaptation_ASF_V1/Ejecutable /home/joel.chacon/Final_Experiment_Decomposition/vsd-moea-d-base-L-Indicator-Adaptation_ASF_V1 DTLZ2 29 2 100 501 25000000 0 0.75 11 0.4 0.5 in core with id 99
Executes /home/joel.chacon/Final_Experiment_Decomposition/vsd-moea-d-base-L-Indicator-Adaptation_ASF_V1/Ejecutable /home/joel.chacon/Final_Experiment_Decomposition/vsd-moea-d-base-L-Indicator-Adaptation_ASF_V1 DTLZ2 30 2 100 501 25000000 0 0.75 11 0.4 0.5 in core with id 100
Executes /home/joel.chacon/Final_Experiment_Decomposition/vsd-moea-d-base-L-Indicator-Adaptation_ASF_V1/Ejecutable /home/joel.chacon/Final_Experiment_Decomposition/vsd-moea-d-base-L-Indicator-Adaptation_ASF_V1 DTLZ2 31 2 100 501 25000000 0 0.75 11 0.4 0.5 in core with id 101
Executes /home/joel.chacon/Final_Experiment_Decomposition/vsd-moea-d-base-L-Indicator-Adaptation_ASF_V1/Ejecutable /home/joel.chacon/Final_Experiment_Decomposition/vsd-moea-d-base-L-Indicator-Adaptation_ASF_V1 DTLZ2 32 2 100 501 25000000 0 0.75 11 0.4 0.5 in core with id 102
Executes /home/joel.chacon/Final_Experiment_Decomposition/vsd-moea-d-base-L-Indicator-Adaptation_ASF_V1/Ejecutable /home/joel.chacon/Final_Experiment_Decomposition/vsd-moea-d-base-L-Indicator-Adaptation_ASF_V1 DTLZ2 33 2 100 501 25000000 0 0.75 11 0.4 0.5 in core with id 103
Executes /home/joel.chacon/Final_Experiment_Decomposition/vsd-moea-d-base-L-Indicator-Adaptation_ASF_V1/Ejecutable /home/joel.chacon/Final_Experiment_Decomposition/vsd-moea-d-base-L-Indicator-Adaptation_ASF_V1 DTLZ2 34 2 100 501 25000000 0 0.75 11 0.4 0.5 in core with id 104
Executes /home/joel.chacon/Final_Experiment_Decomposition/vsd-moea-d-base-L-Indicator-Adaptation_ASF_V1/Ejecutable /home/joel.chacon/Final_Experiment_Decomposition/vsd-moea-d-base-L-Indicator-Adaptation_ASF_V1 DTLZ2 35 2 100 501 25000000 0 0.75 11 0.4 0.5 in core with id 105
Executes /home/joel.chacon/Final_Experiment_Decomposition/vsd-moea-d-base-L-Indicator-Adaptation_ASF_V1/Ejecutable /home/joel.chacon/Final_Experiment_Decomposition/vsd-moea-d-base-L-Indicator-Adaptation_ASF_V1 DTLZ2 1 3 100 496 25000000 0 0.75 12 0.4 0.5 in core with id 106
Executes /home/joel.chacon/Final_Experiment_Decomposition/vsd-moea-d-base-L-Indicator-Adaptation_ASF_V1/Ejecutable /home/joel.chacon/Final_Experiment_Decomposition/vsd-moea-d-base-L-Indicator-Adaptation_ASF_V1 DTLZ2 2 3 100 496 25000000 0 0.75 12 0.4 0.5 in core with id 107
Executes /home/joel.chacon/Final_Experiment_Decomposition/vsd-moea-d-base-L-Indicator-Adaptation_ASF_V1/Ejecutable /home/joel.chacon/Final_Experiment_Decomposition/vsd-moea-d-base-L-Indicator-Adaptation_ASF_V1 DTLZ2 3 3 100 496 25000000 0 0.75 12 0.4 0.5 in core with id 108
Executes /home/joel.chacon/Final_Experiment_Decomposition/vsd-moea-d-base-L-Indicator-Adaptation_ASF_V1/Ejecutable /home/joel.chacon/Final_Experiment_Decomposition/vsd-moea-d-base-L-Indicator-Adaptation_ASF_V1 DTLZ2 4 3 100 496 25000000 0 0.75 12 0.4 0.5 in core with id 109
Executes /home/joel.chacon/Final_Experiment_Decomposition/vsd-moea-d-base-L-Indicator-Adaptation_ASF_V1/Ejecutable /home/joel.chacon/Final_Experiment_Decomposition/vsd-moea-d-base-L-Indicator-Adaptation_ASF_V1 DTLZ2 5 3 100 496 25000000 0 0.75 12 0.4 0.5 in core with id 110
Executes /home/joel.chacon/Final_Experiment_Decomposition/vsd-moea-d-base-L-Indicator-Adaptation_ASF_V1/Ejecutable /home/joel.chacon/Final_Experiment_Decomposition/vsd-moea-d-base-L-Indicator-Adaptation_ASF_V1 DTLZ2 6 3 100 496 25000000 0 0.75 12 0.4 0.5 in core with id 111
Executes /home/joel.chacon/Final_Experiment_Decomposition/vsd-moea-d-base-L-Indicator-Adaptation_ASF_V1/Ejecutable /home/joel.chacon/Final_Experiment_Decomposition/vsd-moea-d-base-L-Indicator-Adaptation_ASF_V1 DTLZ2 7 3 100 496 25000000 0 0.75 12 0.4 0.5 in core with id 112
Executes /home/joel.chacon/Final_Experiment_Decomposition/vsd-moea-d-base-L-Indicator-Adaptation_ASF_V1/Ejecutable /home/joel.chacon/Final_Experiment_Decomposition/vsd-moea-d-base-L-Indicator-Adaptation_ASF_V1 DTLZ2 8 3 100 496 25000000 0 0.75 12 0.4 0.5 in core with id 113
Executes /home/joel.chacon/Final_Experiment_Decomposition/vsd-moea-d-base-L-Indicator-Adaptation_ASF_V1/Ejecutable /home/joel.chacon/Final_Experiment_Decomposition/vsd-moea-d-base-L-Indicator-Adaptation_ASF_V1 DTLZ2 9 3 100 496 25000000 0 0.75 12 0.4 0.5 in core with id 114
Executes /home/joel.chacon/Final_Experiment_Decomposition/vsd-moea-d-base-L-Indicator-Adaptation_ASF_V1/Ejecutable /home/joel.chacon/Final_Experiment_Decomposition/vsd-moea-d-base-L-Indicator-Adaptation_ASF_V1 DTLZ2 10 3 100 496 25000000 0 0.75 12 0.4 0.5 in core with id 115
Executes /home/joel.chacon/Final_Experiment_Decomposition/vsd-moea-d-base-L-Indicator-Adaptation_ASF_V1/Ejecutable /home/joel.chacon/Final_Experiment_Decomposition/vsd-moea-d-base-L-Indicator-Adaptation_ASF_V1 DTLZ2 11 3 100 496 25000000 0 0.75 12 0.4 0.5 in core with id 116
Executes /home/joel.chacon/Final_Experiment_Decomposition/vsd-moea-d-base-L-Indicator-Adaptation_ASF_V1/Ejecutable /home/joel.chacon/Final_Experiment_Decomposition/vsd-moea-d-base-L-Indicator-Adaptation_ASF_V1 DTLZ2 12 3 100 496 25000000 0 0.75 12 0.4 0.5 in core with id 117
Executes /home/joel.chacon/Final_Experiment_Decomposition/vsd-moea-d-base-L-Indicator-Adaptation_ASF_V1/Ejecutable /home/joel.chacon/Final_Experiment_Decomposition/vsd-moea-d-base-L-Indicator-Adaptation_ASF_V1 DTLZ2 13 3 100 496 25000000 0 0.75 12 0.4 0.5 in core with id 118
Executes /home/joel.chacon/Final_Experiment_Decomposition/vsd-moea-d-base-L-Indicator-Adaptation_ASF_V1/Ejecutable /home/joel.chacon/Final_Experiment_Decomposition/vsd-moea-d-base-L-Indicator-Adaptation_ASF_V1 DTLZ2 14 3 100 496 25000000 0 0.75 12 0.4 0.5 in core with id 119
Executes /home/joel.chacon/Final_Experiment_Decomposition/vsd-moea-d-base-L-Indicator-Adaptation_ASF_V1/Ejecutable /home/joel.chacon/Final_Experiment_Decomposition/vsd-moea-d-base-L-Indicator-Adaptation_ASF_V1 DTLZ2 15 3 100 496 25000000 0 0.75 12 0.4 0.5 in core with id 120
Executes /home/joel.chacon/Final_Experiment_Decomposition/vsd-moea-d-base-L-Indicator-Adaptation_ASF_V1/Ejecutable /home/joel.chacon/Final_Experiment_Decomposition/vsd-moea-d-base-L-Indicator-Adaptation_ASF_V1 DTLZ2 16 3 100 496 25000000 0 0.75 12 0.4 0.5 in core with id 121
Executes /home/joel.chacon/Final_Experiment_Decomposition/vsd-moea-d-base-L-Indicator-Adaptation_ASF_V1/Ejecutable /home/joel.chacon/Final_Experiment_Decomposition/vsd-moea-d-base-L-Indicator-Adaptation_ASF_V1 DTLZ2 17 3 100 496 25000000 0 0.75 12 0.4 0.5 in core with id 122
Executes /home/joel.chacon/Final_Experiment_Decomposition/vsd-moea-d-base-L-Indicator-Adaptation_ASF_V1/Ejecutable /home/joel.chacon/Final_Experiment_Decomposition/vsd-moea-d-base-L-Indicator-Adaptation_ASF_V1 DTLZ2 18 3 100 496 25000000 0 0.75 12 0.4 0.5 in core with id 123
Executes /home/joel.chacon/Final_Experiment_Decomposition/vsd-moea-d-base-L-Indicator-Adaptation_ASF_V1/Ejecutable /home/joel.chacon/Final_Experiment_Decomposition/vsd-moea-d-base-L-Indicator-Adaptation_ASF_V1 DTLZ2 19 3 100 496 25000000 0 0.75 12 0.4 0.5 in core with id 124
Executes /home/joel.chacon/Final_Experiment_Decomposition/vsd-moea-d-base-L-Indicator-Adaptation_ASF_V1/Ejecutable /home/joel.chacon/Final_Experiment_Decomposition/vsd-moea-d-base-L-Indicator-Adaptation_ASF_V1 DTLZ2 20 3 100 496 25000000 0 0.75 12 0.4 0.5 in core with id 125
Executes /home/joel.chacon/Final_Experiment_Decomposition/vsd-moea-d-base-L-Indicator-Adaptation_ASF_V1/Ejecutable /home/joel.chacon/Final_Experiment_Decomposition/vsd-moea-d-base-L-Indicator-Adaptation_ASF_V1 DTLZ2 21 3 100 496 25000000 0 0.75 12 0.4 0.5 in core with id 126
Executes /home/joel.chacon/Final_Experiment_Decomposition/vsd-moea-d-base-L-Indicator-Adaptation_ASF_V1/Ejecutable /home/joel.chacon/Final_Experiment_Decomposition/vsd-moea-d-base-L-Indicator-Adaptation_ASF_V1 DTLZ2 22 3 100 496 25000000 0 0.75 12 0.4 0.5 in core with id 127
Executes /home/joel.chacon/Final_Experiment_Decomposition/vsd-moea-d-base-L-Indicator-Adaptation_ASF_V1/Ejecutable /home/joel.chacon/Final_Experiment_Decomposition/vsd-moea-d-base-L-Indicator-Adaptation_ASF_V1 DTLZ2 23 3 100 496 25000000 0 0.75 12 0.4 0.5 in core with id 128
Executes /home/joel.chacon/Final_Experiment_Decomposition/vsd-moea-d-base-L-Indicator-Adaptation_ASF_V1/Ejecutable /home/joel.chacon/Final_Experiment_Decomposition/vsd-moea-d-base-L-Indicator-Adaptation_ASF_V1 DTLZ2 24 3 100 496 25000000 0 0.75 12 0.4 0.5 in core with id 129
Executes /home/joel.chacon/Final_Experiment_Decomposition/vsd-moea-d-base-L-Indicator-Adaptation_ASF_V1/Ejecutable /home/joel.chacon/Final_Experiment_Decomposition/vsd-moea-d-base-L-Indicator-Adaptation_ASF_V1 DTLZ2 25 3 100 496 25000000 0 0.75 12 0.4 0.5 in core with id 130
Executes /home/joel.chacon/Final_Experiment_Decomposition/vsd-moea-d-base-L-Indicator-Adaptation_ASF_V1/Ejecutable /home/joel.chacon/Final_Experiment_Decomposition/vsd-moea-d-base-L-Indicator-Adaptation_ASF_V1 DTLZ2 26 3 100 496 25000000 0 0.75 12 0.4 0.5 in core with id 131
Executes /home/joel.chacon/Final_Experiment_Decomposition/vsd-moea-d-base-L-Indicator-Adaptation_ASF_V1/Ejecutable /home/joel.chacon/Final_Experiment_Decomposition/vsd-moea-d-base-L-Indicator-Adaptation_ASF_V1 DTLZ2 27 3 100 496 25000000 0 0.75 12 0.4 0.5 in core with id 132
Executes /home/joel.chacon/Final_Experiment_Decomposition/vsd-moea-d-base-L-Indicator-Adaptation_ASF_V1/Ejecutable /home/joel.chacon/Final_Experiment_Decomposition/vsd-moea-d-base-L-Indicator-Adaptation_ASF_V1 DTLZ2 28 3 100 496 25000000 0 0.75 12 0.4 0.5 in core with id 133
Executes /home/joel.chacon/Final_Experiment_Decomposition/vsd-moea-d-base-L-Indicator-Adaptation_ASF_V1/Ejecutable /home/joel.chacon/Final_Experiment_Decomposition/vsd-moea-d-base-L-Indicator-Adaptation_ASF_V1 DTLZ2 29 3 100 496 25000000 0 0.75 12 0.4 0.5 in core with id 134
Executes /home/joel.chacon/Final_Experiment_Decomposition/vsd-moea-d-base-L-Indicator-Adaptation_ASF_V1/Ejecutable /home/joel.chacon/Final_Experiment_Decomposition/vsd-moea-d-base-L-Indicator-Adaptation_ASF_V1 DTLZ2 30 3 100 496 25000000 0 0.75 12 0.4 0.5 in core with id 135
Executes /home/joel.chacon/Final_Experiment_Decomposition/vsd-moea-d-base-L-Indicator-Adaptation_ASF_V1/Ejecutable /home/joel.chacon/Final_Experiment_Decomposition/vsd-moea-d-base-L-Indicator-Adaptation_ASF_V1 DTLZ2 31 3 100 496 25000000 0 0.75 12 0.4 0.5 in core with id 136
Executes /home/joel.chacon/Final_Experiment_Decomposition/vsd-moea-d-base-L-Indicator-Adaptation_ASF_V1/Ejecutable /home/joel.chacon/Final_Experiment_Decomposition/vsd-moea-d-base-L-Indicator-Adaptation_ASF_V1 DTLZ2 32 3 100 496 25000000 0 0.75 12 0.4 0.5 in core with id 137
Executes /home/joel.chacon/Final_Experiment_Decomposition/vsd-moea-d-base-L-Indicator-Adaptation_ASF_V1/Ejecutable /home/joel.chacon/Final_Experiment_Decomposition/vsd-moea-d-base-L-Indicator-Adaptation_ASF_V1 DTLZ2 33 3 100 496 25000000 0 0.75 12 0.4 0.5 in core with id 138
Executes /home/joel.chacon/Final_Experiment_Decomposition/vsd-moea-d-base-L-Indicator-Adaptation_ASF_V1/Ejecutable /home/joel.chacon/Final_Experiment_Decomposition/vsd-moea-d-base-L-Indicator-Adaptation_ASF_V1 DTLZ2 34 3 100 496 25000000 0 0.75 12 0.4 0.5 in core with id 139
Executes /home/joel.chacon/Final_Experiment_Decomposition/vsd-moea-d-base-L-Indicator-Adaptation_ASF_V1/Ejecutable /home/joel.chacon/Final_Experiment_Decomposition/vsd-moea-d-base-L-Indicator-Adaptation_ASF_V1 DTLZ2 35 3 100 496 25000000 0 0.75 12 0.4 0.5 in core with id 140
Executes /home/joel.chacon/Final_Experiment_Decomposition/vsd-moea-d-base-L-Indicator-Adaptation_ASF_V1/Ejecutable /home/joel.chacon/Final_Experiment_Decomposition/vsd-moea-d-base-L-Indicator-Adaptation_ASF_V1 DTLZ3 1 2 100 501 25000000 0 0.75 11 0.4 0.5 in core with id 141
Executes /home/joel.chacon/Final_Experiment_Decomposition/vsd-moea-d-base-L-Indicator-Adaptation_ASF_V1/Ejecutable /home/joel.chacon/Final_Experiment_Decomposition/vsd-moea-d-base-L-Indicator-Adaptation_ASF_V1 DTLZ3 2 2 100 501 25000000 0 0.75 11 0.4 0.5 in core with id 142
Executes /home/joel.chacon/Final_Experiment_Decomposition/vsd-moea-d-base-L-Indicator-Adaptation_ASF_V1/Ejecutable /home/joel.chacon/Final_Experiment_Decomposition/vsd-moea-d-base-L-Indicator-Adaptation_ASF_V1 DTLZ3 3 2 100 501 25000000 0 0.75 11 0.4 0.5 in core with id 143
Executes /home/joel.chacon/Final_Experiment_Decomposition/vsd-moea-d-base-L-Indicator-Adaptation_ASF_V1/Ejecutable /home/joel.chacon/Final_Experiment_Decomposition/vsd-moea-d-base-L-Indicator-Adaptation_ASF_V1 DTLZ3 4 2 100 501 25000000 0 0.75 11 0.4 0.5 in core with id 144
Executes /home/joel.chacon/Final_Experiment_Decomposition/vsd-moea-d-base-L-Indicator-Adaptation_ASF_V1/Ejecutable /home/joel.chacon/Final_Experiment_Decomposition/vsd-moea-d-base-L-Indicator-Adaptation_ASF_V1 DTLZ3 5 2 100 501 25000000 0 0.75 11 0.4 0.5 in core with id 145
Executes /home/joel.chacon/Final_Experiment_Decomposition/vsd-moea-d-base-L-Indicator-Adaptation_ASF_V1/Ejecutable /home/joel.chacon/Final_Experiment_Decomposition/vsd-moea-d-base-L-Indicator-Adaptation_ASF_V1 DTLZ3 6 2 100 501 25000000 0 0.75 11 0.4 0.5 in core with id 146
Executes /home/joel.chacon/Final_Experiment_Decomposition/vsd-moea-d-base-L-Indicator-Adaptation_ASF_V1/Ejecutable /home/joel.chacon/Final_Experiment_Decomposition/vsd-moea-d-base-L-Indicator-Adaptation_ASF_V1 DTLZ3 7 2 100 501 25000000 0 0.75 11 0.4 0.5 in core with id 147
Executes /home/joel.chacon/Final_Experiment_Decomposition/vsd-moea-d-base-L-Indicator-Adaptation_ASF_V1/Ejecutable /home/joel.chacon/Final_Experiment_Decomposition/vsd-moea-d-base-L-Indicator-Adaptation_ASF_V1 DTLZ3 8 2 100 501 25000000 0 0.75 11 0.4 0.5 in core with id 148
Executes /home/joel.chacon/Final_Experiment_Decomposition/vsd-moea-d-base-L-Indicator-Adaptation_ASF_V1/Ejecutable /home/joel.chacon/Final_Experiment_Decomposition/vsd-moea-d-base-L-Indicator-Adaptation_ASF_V1 DTLZ3 9 2 100 501 25000000 0 0.75 11 0.4 0.5 in core with id 149
Executes /home/joel.chacon/Final_Experiment_Decomposition/vsd-moea-d-base-L-Indicator-Adaptation_ASF_V1/Ejecutable /home/joel.chacon/Final_Experiment_Decomposition/vsd-moea-d-base-L-Indicator-Adaptation_ASF_V1 DTLZ3 10 2 100 501 25000000 0 0.75 11 0.4 0.5 in core with id 150
Executes /home/joel.chacon/Final_Experiment_Decomposition/vsd-moea-d-base-L-Indicator-Adaptation_ASF_V1/Ejecutable /home/joel.chacon/Final_Experiment_Decomposition/vsd-moea-d-base-L-Indicator-Adaptation_ASF_V1 DTLZ3 11 2 100 501 25000000 0 0.75 11 0.4 0.5 in core with id 151
Executes /home/joel.chacon/Final_Experiment_Decomposition/vsd-moea-d-base-L-Indicator-Adaptation_ASF_V1/Ejecutable /home/joel.chacon/Final_Experiment_Decomposition/vsd-moea-d-base-L-Indicator-Adaptation_ASF_V1 DTLZ3 12 2 100 501 25000000 0 0.75 11 0.4 0.5 in core with id 152
Executes /home/joel.chacon/Final_Experiment_Decomposition/vsd-moea-d-base-L-Indicator-Adaptation_ASF_V1/Ejecutable /home/joel.chacon/Final_Experiment_Decomposition/vsd-moea-d-base-L-Indicator-Adaptation_ASF_V1 DTLZ3 13 2 100 501 25000000 0 0.75 11 0.4 0.5 in core with id 153
Executes /home/joel.chacon/Final_Experiment_Decomposition/vsd-moea-d-base-L-Indicator-Adaptation_ASF_V1/Ejecutable /home/joel.chacon/Final_Experiment_Decomposition/vsd-moea-d-base-L-Indicator-Adaptation_ASF_V1 DTLZ3 14 2 100 501 25000000 0 0.75 11 0.4 0.5 in core with id 154
Executes /home/joel.chacon/Final_Experiment_Decomposition/vsd-moea-d-base-L-Indicator-Adaptation_ASF_V1/Ejecutable /home/joel.chacon/Final_Experiment_Decomposition/vsd-moea-d-base-L-Indicator-Adaptation_ASF_V1 DTLZ3 15 2 100 501 25000000 0 0.75 11 0.4 0.5 in core with id 155
Executes /home/joel.chacon/Final_Experiment_Decomposition/vsd-moea-d-base-L-Indicator-Adaptation_ASF_V1/Ejecutable /home/joel.chacon/Final_Experiment_Decomposition/vsd-moea-d-base-L-Indicator-Adaptation_ASF_V1 DTLZ3 16 2 100 501 25000000 0 0.75 11 0.4 0.5 in core with id 156
Executes /home/joel.chacon/Final_Experiment_Decomposition/vsd-moea-d-base-L-Indicator-Adaptation_ASF_V1/Ejecutable /home/joel.chacon/Final_Experiment_Decomposition/vsd-moea-d-base-L-Indicator-Adaptation_ASF_V1 DTLZ3 17 2 100 501 25000000 0 0.75 11 0.4 0.5 in core with id 157
Executes /home/joel.chacon/Final_Experiment_Decomposition/vsd-moea-d-base-L-Indicator-Adaptation_ASF_V1/Ejecutable /home/joel.chacon/Final_Experiment_Decomposition/vsd-moea-d-base-L-Indicator-Adaptation_ASF_V1 DTLZ3 18 2 100 501 25000000 0 0.75 11 0.4 0.5 in core with id 158
Executes /home/joel.chacon/Final_Experiment_Decomposition/vsd-moea-d-base-L-Indicator-Adaptation_ASF_V1/Ejecutable /home/joel.chacon/Final_Experiment_Decomposition/vsd-moea-d-base-L-Indicator-Adaptation_ASF_V1 DTLZ3 19 2 100 501 25000000 0 0.75 11 0.4 0.5 in core with id 159
Executes /home/joel.chacon/Final_Experiment_Decomposition/vsd-moea-d-base-L-Indicator-Adaptation_ASF_V1/Ejecutable /home/joel.chacon/Final_Experiment_Decomposition/vsd-moea-d-base-L-Indicator-Adaptation_ASF_V1 DTLZ3 20 2 100 501 25000000 0 0.75 11 0.4 0.5 in core with id 160
Executes /home/joel.chacon/Final_Experiment_Decomposition/vsd-moea-d-base-L-Indicator-Adaptation_ASF_V1/Ejecutable /home/joel.chacon/Final_Experiment_Decomposition/vsd-moea-d-base-L-Indicator-Adaptation_ASF_V1 DTLZ3 21 2 100 501 25000000 0 0.75 11 0.4 0.5 in core with id 161
Executes /home/joel.chacon/Final_Experiment_Decomposition/vsd-moea-d-base-L-Indicator-Adaptation_ASF_V1/Ejecutable /home/joel.chacon/Final_Experiment_Decomposition/vsd-moea-d-base-L-Indicator-Adaptation_ASF_V1 DTLZ3 22 2 100 501 25000000 0 0.75 11 0.4 0.5 in core with id 162
Executes /home/joel.chacon/Final_Experiment_Decomposition/vsd-moea-d-base-L-Indicator-Adaptation_ASF_V1/Ejecutable /home/joel.chacon/Final_Experiment_Decomposition/vsd-moea-d-base-L-Indicator-Adaptation_ASF_V1 DTLZ3 23 2 100 501 25000000 0 0.75 11 0.4 0.5 in core with id 163
Executes /home/joel.chacon/Final_Experiment_Decomposition/vsd-moea-d-base-L-Indicator-Adaptation_ASF_V1/Ejecutable /home/joel.chacon/Final_Experiment_Decomposition/vsd-moea-d-base-L-Indicator-Adaptation_ASF_V1 DTLZ3 24 2 100 501 25000000 0 0.75 11 0.4 0.5 in core with id 164
Executes /home/joel.chacon/Final_Experiment_Decomposition/vsd-moea-d-base-L-Indicator-Adaptation_ASF_V1/Ejecutable /home/joel.chacon/Final_Experiment_Decomposition/vsd-moea-d-base-L-Indicator-Adaptation_ASF_V1 DTLZ3 25 2 100 501 25000000 0 0.75 11 0.4 0.5 in core with id 165
Executes /home/joel.chacon/Final_Experiment_Decomposition/vsd-moea-d-base-L-Indicator-Adaptation_ASF_V1/Ejecutable /home/joel.chacon/Final_Experiment_Decomposition/vsd-moea-d-base-L-Indicator-Adaptation_ASF_V1 DTLZ3 26 2 100 501 25000000 0 0.75 11 0.4 0.5 in core with id 166
Executes /home/joel.chacon/Final_Experiment_Decomposition/vsd-moea-d-base-L-Indicator-Adaptation_ASF_V1/Ejecutable /home/joel.chacon/Final_Experiment_Decomposition/vsd-moea-d-base-L-Indicator-Adaptation_ASF_V1 DTLZ3 27 2 100 501 25000000 0 0.75 11 0.4 0.5 in core with id 167
Executes /home/joel.chacon/Final_Experiment_Decomposition/vsd-moea-d-base-L-Indicator-Adaptation_ASF_V1/Ejecutable /home/joel.chacon/Final_Experiment_Decomposition/vsd-moea-d-base-L-Indicator-Adaptation_ASF_V1 DTLZ3 28 2 100 501 25000000 0 0.75 11 0.4 0.5 in core with id 168
Executes /home/joel.chacon/Final_Experiment_Decomposition/vsd-moea-d-base-L-Indicator-Adaptation_ASF_V1/Ejecutable /home/joel.chacon/Final_Experiment_Decomposition/vsd-moea-d-base-L-Indicator-Adaptation_ASF_V1 DTLZ3 29 2 100 501 25000000 0 0.75 11 0.4 0.5 in core with id 169
Executes /home/joel.chacon/Final_Experiment_Decomposition/vsd-moea-d-base-L-Indicator-Adaptation_ASF_V1/Ejecutable /home/joel.chacon/Final_Experiment_Decomposition/vsd-moea-d-base-L-Indicator-Adaptation_ASF_V1 DTLZ3 30 2 100 501 25000000 0 0.75 11 0.4 0.5 in core with id 170
Executes /home/joel.chacon/Final_Experiment_Decomposition/vsd-moea-d-base-L-Indicator-Adaptation_ASF_V1/Ejecutable /home/joel.chacon/Final_Experiment_Decomposition/vsd-moea-d-base-L-Indicator-Adaptation_ASF_V1 DTLZ3 31 2 100 501 25000000 0 0.75 11 0.4 0.5 in core with id 171
Executes /home/joel.chacon/Final_Experiment_Decomposition/vsd-moea-d-base-L-Indicator-Adaptation_ASF_V1/Ejecutable /home/joel.chacon/Final_Experiment_Decomposition/vsd-moea-d-base-L-Indicator-Adaptation_ASF_V1 DTLZ3 32 2 100 501 25000000 0 0.75 11 0.4 0.5 in core with id 172
Executes /home/joel.chacon/Final_Experiment_Decomposition/vsd-moea-d-base-L-Indicator-Adaptation_ASF_V1/Ejecutable /home/joel.chacon/Final_Experiment_Decomposition/vsd-moea-d-base-L-Indicator-Adaptation_ASF_V1 DTLZ3 33 2 100 501 25000000 0 0.75 11 0.4 0.5 in core with id 173
Executes /home/joel.chacon/Final_Experiment_Decomposition/vsd-moea-d-base-L-Indicator-Adaptation_ASF_V1/Ejecutable /home/joel.chacon/Final_Experiment_Decomposition/vsd-moea-d-base-L-Indicator-Adaptation_ASF_V1 DTLZ3 34 2 100 501 25000000 0 0.75 11 0.4 0.5 in core with id 174
Executes /home/joel.chacon/Final_Experiment_Decomposition/vsd-moea-d-base-L-Indicator-Adaptation_ASF_V1/Ejecutable /home/joel.chacon/Final_Experiment_Decomposition/vsd-moea-d-base-L-Indicator-Adaptation_ASF_V1 DTLZ3 35 2 100 501 25000000 0 0.75 11 0.4 0.5 in core with id 175
Executes /home/joel.chacon/Final_Experiment_Decomposition/vsd-moea-d-base-L-Indicator-Adaptation_ASF_V1/Ejecutable /home/joel.chacon/Final_Experiment_Decomposition/vsd-moea-d-base-L-Indicator-Adaptation_ASF_V1 DTLZ3 1 3 100 496 25000000 0 0.75 12 0.4 0.5 in core with id 176
Executes /home/joel.chacon/Final_Experiment_Decomposition/vsd-moea-d-base-L-Indicator-Adaptation_ASF_V1/Ejecutable /home/joel.chacon/Final_Experiment_Decomposition/vsd-moea-d-base-L-Indicator-Adaptation_ASF_V1 DTLZ3 2 3 100 496 25000000 0 0.75 12 0.4 0.5 in core with id 177
Executes /home/joel.chacon/Final_Experiment_Decomposition/vsd-moea-d-base-L-Indicator-Adaptation_ASF_V1/Ejecutable /home/joel.chacon/Final_Experiment_Decomposition/vsd-moea-d-base-L-Indicator-Adaptation_ASF_V1 DTLZ3 3 3 100 496 25000000 0 0.75 12 0.4 0.5 in core with id 178
Executes /home/joel.chacon/Final_Experiment_Decomposition/vsd-moea-d-base-L-Indicator-Adaptation_ASF_V1/Ejecutable /home/joel.chacon/Final_Experiment_Decomposition/vsd-moea-d-base-L-Indicator-Adaptation_ASF_V1 DTLZ3 4 3 100 496 25000000 0 0.75 12 0.4 0.5 in core with id 179
Executes /home/joel.chacon/Final_Experiment_Decomposition/vsd-moea-d-base-L-Indicator-Adaptation_ASF_V1/Ejecutable /home/joel.chacon/Final_Experiment_Decomposition/vsd-moea-d-base-L-Indicator-Adaptation_ASF_V1 DTLZ3 5 3 100 496 25000000 0 0.75 12 0.4 0.5 in core with id 180
Executes /home/joel.chacon/Final_Experiment_Decomposition/vsd-moea-d-base-L-Indicator-Adaptation_ASF_V1/Ejecutable /home/joel.chacon/Final_Experiment_Decomposition/vsd-moea-d-base-L-Indicator-Adaptation_ASF_V1 DTLZ3 6 3 100 496 25000000 0 0.75 12 0.4 0.5 in core with id 181
Executes /home/joel.chacon/Final_Experiment_Decomposition/vsd-moea-d-base-L-Indicator-Adaptation_ASF_V1/Ejecutable /home/joel.chacon/Final_Experiment_Decomposition/vsd-moea-d-base-L-Indicator-Adaptation_ASF_V1 DTLZ3 7 3 100 496 25000000 0 0.75 12 0.4 0.5 in core with id 182
Executes /home/joel.chacon/Final_Experiment_Decomposition/vsd-moea-d-base-L-Indicator-Adaptation_ASF_V1/Ejecutable /home/joel.chacon/Final_Experiment_Decomposition/vsd-moea-d-base-L-Indicator-Adaptation_ASF_V1 DTLZ3 8 3 100 496 25000000 0 0.75 12 0.4 0.5 in core with id 183
Executes /home/joel.chacon/Final_Experiment_Decomposition/vsd-moea-d-base-L-Indicator-Adaptation_ASF_V1/Ejecutable /home/joel.chacon/Final_Experiment_Decomposition/vsd-moea-d-base-L-Indicator-Adaptation_ASF_V1 DTLZ3 9 3 100 496 25000000 0 0.75 12 0.4 0.5 in core with id 184
Executes /home/joel.chacon/Final_Experiment_Decomposition/vsd-moea-d-base-L-Indicator-Adaptation_ASF_V1/Ejecutable /home/joel.chacon/Final_Experiment_Decomposition/vsd-moea-d-base-L-Indicator-Adaptation_ASF_V1 DTLZ3 10 3 100 496 25000000 0 0.75 12 0.4 0.5 in core with id 185
Executes /home/joel.chacon/Final_Experiment_Decomposition/vsd-moea-d-base-L-Indicator-Adaptation_ASF_V1/Ejecutable /home/joel.chacon/Final_Experiment_Decomposition/vsd-moea-d-base-L-Indicator-Adaptation_ASF_V1 DTLZ3 11 3 100 496 25000000 0 0.75 12 0.4 0.5 in core with id 186
Executes /home/joel.chacon/Final_Experiment_Decomposition/vsd-moea-d-base-L-Indicator-Adaptation_ASF_V1/Ejecutable /home/joel.chacon/Final_Experiment_Decomposition/vsd-moea-d-base-L-Indicator-Adaptation_ASF_V1 DTLZ3 12 3 100 496 25000000 0 0.75 12 0.4 0.5 in core with id 187
Executes /home/joel.chacon/Final_Experiment_Decomposition/vsd-moea-d-base-L-Indicator-Adaptation_ASF_V1/Ejecutable /home/joel.chacon/Final_Experiment_Decomposition/vsd-moea-d-base-L-Indicator-Adaptation_ASF_V1 DTLZ3 13 3 100 496 25000000 0 0.75 12 0.4 0.5 in core with id 188
Executes /home/joel.chacon/Final_Experiment_Decomposition/vsd-moea-d-base-L-Indicator-Adaptation_ASF_V1/Ejecutable /home/joel.chacon/Final_Experiment_Decomposition/vsd-moea-d-base-L-Indicator-Adaptation_ASF_V1 DTLZ3 14 3 100 496 25000000 0 0.75 12 0.4 0.5 in core with id 189
Executes /home/joel.chacon/Final_Experiment_Decomposition/vsd-moea-d-base-L-Indicator-Adaptation_ASF_V1/Ejecutable /home/joel.chacon/Final_Experiment_Decomposition/vsd-moea-d-base-L-Indicator-Adaptation_ASF_V1 DTLZ3 15 3 100 496 25000000 0 0.75 12 0.4 0.5 in core with id 190
Executes /home/joel.chacon/Final_Experiment_Decomposition/vsd-moea-d-base-L-Indicator-Adaptation_ASF_V1/Ejecutable /home/joel.chacon/Final_Experiment_Decomposition/vsd-moea-d-base-L-Indicator-Adaptation_ASF_V1 DTLZ3 16 3 100 496 25000000 0 0.75 12 0.4 0.5 in core with id 191
Executes /home/joel.chacon/Final_Experiment_Decomposition/vsd-moea-d-base-L-Indicator-Adaptation_ASF_V1/Ejecutable /home/joel.chacon/Final_Experiment_Decomposition/vsd-moea-d-base-L-Indicator-Adaptation_ASF_V1 DTLZ3 17 3 100 496 25000000 0 0.75 12 0.4 0.5 in core with id 192
Executes /home/joel.chacon/Final_Experiment_Decomposition/vsd-moea-d-base-L-Indicator-Adaptation_ASF_V1/Ejecutable /home/joel.chacon/Final_Experiment_Decomposition/vsd-moea-d-base-L-Indicator-Adaptation_ASF_V1 DTLZ3 18 3 100 496 25000000 0 0.75 12 0.4 0.5 in core with id 193
Executes /home/joel.chacon/Final_Experiment_Decomposition/vsd-moea-d-base-L-Indicator-Adaptation_ASF_V1/Ejecutable /home/joel.chacon/Final_Experiment_Decomposition/vsd-moea-d-base-L-Indicator-Adaptation_ASF_V1 DTLZ3 19 3 100 496 25000000 0 0.75 12 0.4 0.5 in core with id 194
Executes /home/joel.chacon/Final_Experiment_Decomposition/vsd-moea-d-base-L-Indicator-Adaptation_ASF_V1/Ejecutable /home/joel.chacon/Final_Experiment_Decomposition/vsd-moea-d-base-L-Indicator-Adaptation_ASF_V1 DTLZ3 20 3 100 496 25000000 0 0.75 12 0.4 0.5 in core with id 195
Executes /home/joel.chacon/Final_Experiment_Decomposition/vsd-moea-d-base-L-Indicator-Adaptation_ASF_V1/Ejecutable /home/joel.chacon/Final_Experiment_Decomposition/vsd-moea-d-base-L-Indicator-Adaptation_ASF_V1 DTLZ3 21 3 100 496 25000000 0 0.75 12 0.4 0.5 in core with id 196
Executes /home/joel.chacon/Final_Experiment_Decomposition/vsd-moea-d-base-L-Indicator-Adaptation_ASF_V1/Ejecutable /home/joel.chacon/Final_Experiment_Decomposition/vsd-moea-d-base-L-Indicator-Adaptation_ASF_V1 DTLZ3 22 3 100 496 25000000 0 0.75 12 0.4 0.5 in core with id 197
Executes /home/joel.chacon/Final_Experiment_Decomposition/vsd-moea-d-base-L-Indicator-Adaptation_ASF_V1/Ejecutable /home/joel.chacon/Final_Experiment_Decomposition/vsd-moea-d-base-L-Indicator-Adaptation_ASF_V1 DTLZ3 23 3 100 496 25000000 0 0.75 12 0.4 0.5 in core with id 198
Executes /home/joel.chacon/Final_Experiment_Decomposition/vsd-moea-d-base-L-Indicator-Adaptation_ASF_V1/Ejecutable /home/joel.chacon/Final_Experiment_Decomposition/vsd-moea-d-base-L-Indicator-Adaptation_ASF_V1 DTLZ3 24 3 100 496 25000000 0 0.75 12 0.4 0.5 in core with id 199
Executes /home/joel.chacon/Final_Experiment_Decomposition/vsd-moea-d-base-L-Indicator-Adaptation_ASF_V1/Ejecutable /home/joel.chacon/Final_Experiment_Decomposition/vsd-moea-d-base-L-Indicator-Adaptation_ASF_V1 DTLZ3 25 3 100 496 25000000 0 0.75 12 0.4 0.5 in core with id 200
Executes /home/joel.chacon/Final_Experiment_Decomposition/vsd-moea-d-base-L-Indicator-Adaptation_ASF_V1/Ejecutable /home/joel.chacon/Final_Experiment_Decomposition/vsd-moea-d-base-L-Indicator-Adaptation_ASF_V1 DTLZ3 26 3 100 496 25000000 0 0.75 12 0.4 0.5 in core with id 201
Executes /home/joel.chacon/Final_Experiment_Decomposition/vsd-moea-d-base-L-Indicator-Adaptation_ASF_V1/Ejecutable /home/joel.chacon/Final_Experiment_Decomposition/vsd-moea-d-base-L-Indicator-Adaptation_ASF_V1 DTLZ3 27 3 100 496 25000000 0 0.75 12 0.4 0.5 in core with id 202
Executes /home/joel.chacon/Final_Experiment_Decomposition/vsd-moea-d-base-L-Indicator-Adaptation_ASF_V1/Ejecutable /home/joel.chacon/Final_Experiment_Decomposition/vsd-moea-d-base-L-Indicator-Adaptation_ASF_V1 DTLZ3 28 3 100 496 25000000 0 0.75 12 0.4 0.5 in core with id 203
Executes /home/joel.chacon/Final_Experiment_Decomposition/vsd-moea-d-base-L-Indicator-Adaptation_ASF_V1/Ejecutable /home/joel.chacon/Final_Experiment_Decomposition/vsd-moea-d-base-L-Indicator-Adaptation_ASF_V1 DTLZ3 29 3 100 496 25000000 0 0.75 12 0.4 0.5 in core with id 204
Executes /home/joel.chacon/Final_Experiment_Decomposition/vsd-moea-d-base-L-Indicator-Adaptation_ASF_V1/Ejecutable /home/joel.chacon/Final_Experiment_Decomposition/vsd-moea-d-base-L-Indicator-Adaptation_ASF_V1 DTLZ3 30 3 100 496 25000000 0 0.75 12 0.4 0.5 in core with id 205
Executes /home/joel.chacon/Final_Experiment_Decomposition/vsd-moea-d-base-L-Indicator-Adaptation_ASF_V1/Ejecutable /home/joel.chacon/Final_Experiment_Decomposition/vsd-moea-d-base-L-Indicator-Adaptation_ASF_V1 DTLZ3 31 3 100 496 25000000 0 0.75 12 0.4 0.5 in core with id 206
Executes /home/joel.chacon/Final_Experiment_Decomposition/vsd-moea-d-base-L-Indicator-Adaptation_ASF_V1/Ejecutable /home/joel.chacon/Final_Experiment_Decomposition/vsd-moea-d-base-L-Indicator-Adaptation_ASF_V1 DTLZ3 32 3 100 496 25000000 0 0.75 12 0.4 0.5 in core with id 207
Executes /home/joel.chacon/Final_Experiment_Decomposition/vsd-moea-d-base-L-Indicator-Adaptation_ASF_V1/Ejecutable /home/joel.chacon/Final_Experiment_Decomposition/vsd-moea-d-base-L-Indicator-Adaptation_ASF_V1 DTLZ3 33 3 100 496 25000000 0 0.75 12 0.4 0.5 in core with id 208
Executes /home/joel.chacon/Final_Experiment_Decomposition/vsd-moea-d-base-L-Indicator-Adaptation_ASF_V1/Ejecutable /home/joel.chacon/Final_Experiment_Decomposition/vsd-moea-d-base-L-Indicator-Adaptation_ASF_V1 DTLZ3 34 3 100 496 25000000 0 0.75 12 0.4 0.5 in core with id 209
Executes /home/joel.chacon/Final_Experiment_Decomposition/vsd-moea-d-base-L-Indicator-Adaptation_ASF_V1/Ejecutable /home/joel.chacon/Final_Experiment_Decomposition/vsd-moea-d-base-L-Indicator-Adaptation_ASF_V1 DTLZ3 35 3 100 496 25000000 0 0.75 12 0.4 0.5 in core with id 210
Executes /home/joel.chacon/Final_Experiment_Decomposition/vsd-moea-d-base-L-Indicator-Adaptation_ASF_V1/Ejecutable /home/joel.chacon/Final_Experiment_Decomposition/vsd-moea-d-base-L-Indicator-Adaptation_ASF_V1 DTLZ4 1 2 100 501 25000000 0 0.75 11 0.4 0.5 in core with id 211
Executes /home/joel.chacon/Final_Experiment_Decomposition/vsd-moea-d-base-L-Indicator-Adaptation_ASF_V1/Ejecutable /home/joel.chacon/Final_Experiment_Decomposition/vsd-moea-d-base-L-Indicator-Adaptation_ASF_V1 DTLZ4 2 2 100 501 25000000 0 0.75 11 0.4 0.5 in core with id 212
Executes /home/joel.chacon/Final_Experiment_Decomposition/vsd-moea-d-base-L-Indicator-Adaptation_ASF_V1/Ejecutable /home/joel.chacon/Final_Experiment_Decomposition/vsd-moea-d-base-L-Indicator-Adaptation_ASF_V1 DTLZ4 3 2 100 501 25000000 0 0.75 11 0.4 0.5 in core with id 213
Executes /home/joel.chacon/Final_Experiment_Decomposition/vsd-moea-d-base-L-Indicator-Adaptation_ASF_V1/Ejecutable /home/joel.chacon/Final_Experiment_Decomposition/vsd-moea-d-base-L-Indicator-Adaptation_ASF_V1 DTLZ4 4 2 100 501 25000000 0 0.75 11 0.4 0.5 in core with id 214
Executes /home/joel.chacon/Final_Experiment_Decomposition/vsd-moea-d-base-L-Indicator-Adaptation_ASF_V1/Ejecutable /home/joel.chacon/Final_Experiment_Decomposition/vsd-moea-d-base-L-Indicator-Adaptation_ASF_V1 DTLZ4 5 2 100 501 25000000 0 0.75 11 0.4 0.5 in core with id 215
Executes /home/joel.chacon/Final_Experiment_Decomposition/vsd-moea-d-base-L-Indicator-Adaptation_ASF_V1/Ejecutable /home/joel.chacon/Final_Experiment_Decomposition/vsd-moea-d-base-L-Indicator-Adaptation_ASF_V1 DTLZ4 6 2 100 501 25000000 0 0.75 11 0.4 0.5 in core with id 216
Executes /home/joel.chacon/Final_Experiment_Decomposition/vsd-moea-d-base-L-Indicator-Adaptation_ASF_V1/Ejecutable /home/joel.chacon/Final_Experiment_Decomposition/vsd-moea-d-base-L-Indicator-Adaptation_ASF_V1 DTLZ4 7 2 100 501 25000000 0 0.75 11 0.4 0.5 in core with id 217
Executes /home/joel.chacon/Final_Experiment_Decomposition/vsd-moea-d-base-L-Indicator-Adaptation_ASF_V1/Ejecutable /home/joel.chacon/Final_Experiment_Decomposition/vsd-moea-d-base-L-Indicator-Adaptation_ASF_V1 DTLZ4 8 2 100 501 25000000 0 0.75 11 0.4 0.5 in core with id 218
Executes /home/joel.chacon/Final_Experiment_Decomposition/vsd-moea-d-base-L-Indicator-Adaptation_ASF_V1/Ejecutable /home/joel.chacon/Final_Experiment_Decomposition/vsd-moea-d-base-L-Indicator-Adaptation_ASF_V1 DTLZ4 9 2 100 501 25000000 0 0.75 11 0.4 0.5 in core with id 219
Executes /home/joel.chacon/Final_Experiment_Decomposition/vsd-moea-d-base-L-Indicator-Adaptation_ASF_V1/Ejecutable /home/joel.chacon/Final_Experiment_Decomposition/vsd-moea-d-base-L-Indicator-Adaptation_ASF_V1 DTLZ4 10 2 100 501 25000000 0 0.75 11 0.4 0.5 in core with id 220
Executes /home/joel.chacon/Final_Experiment_Decomposition/vsd-moea-d-base-L-Indicator-Adaptation_ASF_V1/Ejecutable /home/joel.chacon/Final_Experiment_Decomposition/vsd-moea-d-base-L-Indicator-Adaptation_ASF_V1 DTLZ4 11 2 100 501 25000000 0 0.75 11 0.4 0.5 in core with id 221
Executes /home/joel.chacon/Final_Experiment_Decomposition/vsd-moea-d-base-L-Indicator-Adaptation_ASF_V1/Ejecutable /home/joel.chacon/Final_Experiment_Decomposition/vsd-moea-d-base-L-Indicator-Adaptation_ASF_V1 DTLZ4 12 2 100 501 25000000 0 0.75 11 0.4 0.5 in core with id 222
Executes /home/joel.chacon/Final_Experiment_Decomposition/vsd-moea-d-base-L-Indicator-Adaptation_ASF_V1/Ejecutable /home/joel.chacon/Final_Experiment_Decomposition/vsd-moea-d-base-L-Indicator-Adaptation_ASF_V1 DTLZ4 13 2 100 501 25000000 0 0.75 11 0.4 0.5 in core with id 223
Executes /home/joel.chacon/Final_Experiment_Decomposition/vsd-moea-d-base-L-Indicator-Adaptation_ASF_V1/Ejecutable /home/joel.chacon/Final_Experiment_Decomposition/vsd-moea-d-base-L-Indicator-Adaptation_ASF_V1 DTLZ4 14 2 100 501 25000000 0 0.75 11 0.4 0.5 in core with id 224
Executes /home/joel.chacon/Final_Experiment_Decomposition/vsd-moea-d-base-L-Indicator-Adaptation_ASF_V1/Ejecutable /home/joel.chacon/Final_Experiment_Decomposition/vsd-moea-d-base-L-Indicator-Adaptation_ASF_V1 DTLZ4 15 2 100 501 25000000 0 0.75 11 0.4 0.5 in core with id 225
Executes /home/joel.chacon/Final_Experiment_Decomposition/vsd-moea-d-base-L-Indicator-Adaptation_ASF_V1/Ejecutable /home/joel.chacon/Final_Experiment_Decomposition/vsd-moea-d-base-L-Indicator-Adaptation_ASF_V1 DTLZ4 16 2 100 501 25000000 0 0.75 11 0.4 0.5 in core with id 226
Executes /home/joel.chacon/Final_Experiment_Decomposition/vsd-moea-d-base-L-Indicator-Adaptation_ASF_V1/Ejecutable /home/joel.chacon/Final_Experiment_Decomposition/vsd-moea-d-base-L-Indicator-Adaptation_ASF_V1 DTLZ4 17 2 100 501 25000000 0 0.75 11 0.4 0.5 in core with id 227
Executes /home/joel.chacon/Final_Experiment_Decomposition/vsd-moea-d-base-L-Indicator-Adaptation_ASF_V1/Ejecutable /home/joel.chacon/Final_Experiment_Decomposition/vsd-moea-d-base-L-Indicator-Adaptation_ASF_V1 DTLZ4 18 2 100 501 25000000 0 0.75 11 0.4 0.5 in core with id 228
Executes /home/joel.chacon/Final_Experiment_Decomposition/vsd-moea-d-base-L-Indicator-Adaptation_ASF_V1/Ejecutable /home/joel.chacon/Final_Experiment_Decomposition/vsd-moea-d-base-L-Indicator-Adaptation_ASF_V1 DTLZ4 19 2 100 501 25000000 0 0.75 11 0.4 0.5 in core with id 229
Executes /home/joel.chacon/Final_Experiment_Decomposition/vsd-moea-d-base-L-Indicator-Adaptation_ASF_V1/Ejecutable /home/joel.chacon/Final_Experiment_Decomposition/vsd-moea-d-base-L-Indicator-Adaptation_ASF_V1 DTLZ4 20 2 100 501 25000000 0 0.75 11 0.4 0.5 in core with id 230
Executes /home/joel.chacon/Final_Experiment_Decomposition/vsd-moea-d-base-L-Indicator-Adaptation_ASF_V1/Ejecutable /home/joel.chacon/Final_Experiment_Decomposition/vsd-moea-d-base-L-Indicator-Adaptation_ASF_V1 DTLZ4 21 2 100 501 25000000 0 0.75 11 0.4 0.5 in core with id 231
Executes /home/joel.chacon/Final_Experiment_Decomposition/vsd-moea-d-base-L-Indicator-Adaptation_ASF_V1/Ejecutable /home/joel.chacon/Final_Experiment_Decomposition/vsd-moea-d-base-L-Indicator-Adaptation_ASF_V1 DTLZ4 22 2 100 501 25000000 0 0.75 11 0.4 0.5 in core with id 232
Executes /home/joel.chacon/Final_Experiment_Decomposition/vsd-moea-d-base-L-Indicator-Adaptation_ASF_V1/Ejecutable /home/joel.chacon/Final_Experiment_Decomposition/vsd-moea-d-base-L-Indicator-Adaptation_ASF_V1 DTLZ4 23 2 100 501 25000000 0 0.75 11 0.4 0.5 in core with id 233
Executes /home/joel.chacon/Final_Experiment_Decomposition/vsd-moea-d-base-L-Indicator-Adaptation_ASF_V1/Ejecutable /home/joel.chacon/Final_Experiment_Decomposition/vsd-moea-d-base-L-Indicator-Adaptation_ASF_V1 DTLZ4 24 2 100 501 25000000 0 0.75 11 0.4 0.5 in core with id 234
Executes /home/joel.chacon/Final_Experiment_Decomposition/vsd-moea-d-base-L-Indicator-Adaptation_ASF_V1/Ejecutable /home/joel.chacon/Final_Experiment_Decomposition/vsd-moea-d-base-L-Indicator-Adaptation_ASF_V1 DTLZ4 25 2 100 501 25000000 0 0.75 11 0.4 0.5 in core with id 235
Executes /home/joel.chacon/Final_Experiment_Decomposition/vsd-moea-d-base-L-Indicator-Adaptation_ASF_V1/Ejecutable /home/joel.chacon/Final_Experiment_Decomposition/vsd-moea-d-base-L-Indicator-Adaptation_ASF_V1 DTLZ4 26 2 100 501 25000000 0 0.75 11 0.4 0.5 in core with id 236
Executes /home/joel.chacon/Final_Experiment_Decomposition/vsd-moea-d-base-L-Indicator-Adaptation_ASF_V1/Ejecutable /home/joel.chacon/Final_Experiment_Decomposition/vsd-moea-d-base-L-Indicator-Adaptation_ASF_V1 DTLZ4 27 2 100 501 25000000 0 0.75 11 0.4 0.5 in core with id 237
Executes /home/joel.chacon/Final_Experiment_Decomposition/vsd-moea-d-base-L-Indicator-Adaptation_ASF_V1/Ejecutable /home/joel.chacon/Final_Experiment_Decomposition/vsd-moea-d-base-L-Indicator-Adaptation_ASF_V1 DTLZ4 28 2 100 501 25000000 0 0.75 11 0.4 0.5 in core with id 238
Executes /home/joel.chacon/Final_Experiment_Decomposition/vsd-moea-d-base-L-Indicator-Adaptation_ASF_V1/Ejecutable /home/joel.chacon/Final_Experiment_Decomposition/vsd-moea-d-base-L-Indicator-Adaptation_ASF_V1 DTLZ4 29 2 100 501 25000000 0 0.75 11 0.4 0.5 in core with id 239
slurmstepd: error: *** JOB 2705 ON c-1-41 CANCELLED AT 2020-09-25T16:44:34 ***
