Executes /home/joel.chacon/AVSD_MOEA_D/bias/vsd-moea-d-base-L-Indicator-Adaptation_ASF_V1/Ejecutable /home/joel.chacon/AVSD_MOEA_D/bias/vsd-moea-d-base-L-Indicator-Adaptation_ASF_V1 BT1 1 2 100 501 25000000 0 0.75 30 0.4 0.5 in core with id 1
Executes /home/joel.chacon/AVSD_MOEA_D/bias/vsd-moea-d-base-L-Indicator-Adaptation_ASF_V1/Ejecutable /home/joel.chacon/AVSD_MOEA_D/bias/vsd-moea-d-base-L-Indicator-Adaptation_ASF_V1 BT1 2 2 100 501 25000000 0 0.75 30 0.4 0.5 in core with id 2
Executes /home/joel.chacon/AVSD_MOEA_D/bias/vsd-moea-d-base-L-Indicator-Adaptation_ASF_V1/Ejecutable /home/joel.chacon/AVSD_MOEA_D/bias/vsd-moea-d-base-L-Indicator-Adaptation_ASF_V1 BT1 3 2 100 501 25000000 0 0.75 30 0.4 0.5 in core with id 3
Executes /home/joel.chacon/AVSD_MOEA_D/bias/vsd-moea-d-base-L-Indicator-Adaptation_ASF_V1/Ejecutable /home/joel.chacon/AVSD_MOEA_D/bias/vsd-moea-d-base-L-Indicator-Adaptation_ASF_V1 BT1 4 2 100 501 25000000 0 0.75 30 0.4 0.5 in core with id 4
Executes /home/joel.chacon/AVSD_MOEA_D/bias/vsd-moea-d-base-L-Indicator-Adaptation_ASF_V1/Ejecutable /home/joel.chacon/AVSD_MOEA_D/bias/vsd-moea-d-base-L-Indicator-Adaptation_ASF_V1 BT1 5 2 100 501 25000000 0 0.75 30 0.4 0.5 in core with id 5
Executes /home/joel.chacon/AVSD_MOEA_D/bias/vsd-moea-d-base-L-Indicator-Adaptation_ASF_V1/Ejecutable /home/joel.chacon/AVSD_MOEA_D/bias/vsd-moea-d-base-L-Indicator-Adaptation_ASF_V1 BT1 6 2 100 501 25000000 0 0.75 30 0.4 0.5 in core with id 6
Executes /home/joel.chacon/AVSD_MOEA_D/bias/vsd-moea-d-base-L-Indicator-Adaptation_ASF_V1/Ejecutable /home/joel.chacon/AVSD_MOEA_D/bias/vsd-moea-d-base-L-Indicator-Adaptation_ASF_V1 BT1 7 2 100 501 25000000 0 0.75 30 0.4 0.5 in core with id 7
Executes /home/joel.chacon/AVSD_MOEA_D/bias/vsd-moea-d-base-L-Indicator-Adaptation_ASF_V1/Ejecutable /home/joel.chacon/AVSD_MOEA_D/bias/vsd-moea-d-base-L-Indicator-Adaptation_ASF_V1 BT1 8 2 100 501 25000000 0 0.75 30 0.4 0.5 in core with id 8
Executes /home/joel.chacon/AVSD_MOEA_D/bias/vsd-moea-d-base-L-Indicator-Adaptation_ASF_V1/Ejecutable /home/joel.chacon/AVSD_MOEA_D/bias/vsd-moea-d-base-L-Indicator-Adaptation_ASF_V1 BT1 9 2 100 501 25000000 0 0.75 30 0.4 0.5 in core with id 9
Executes /home/joel.chacon/AVSD_MOEA_D/bias/vsd-moea-d-base-L-Indicator-Adaptation_ASF_V1/Ejecutable /home/joel.chacon/AVSD_MOEA_D/bias/vsd-moea-d-base-L-Indicator-Adaptation_ASF_V1 BT1 10 2 100 501 25000000 0 0.75 30 0.4 0.5 in core with id 10
Executes /home/joel.chacon/AVSD_MOEA_D/bias/vsd-moea-d-base-L-Indicator-Adaptation_ASF_V1/Ejecutable /home/joel.chacon/AVSD_MOEA_D/bias/vsd-moea-d-base-L-Indicator-Adaptation_ASF_V1 BT1 11 2 100 501 25000000 0 0.75 30 0.4 0.5 in core with id 11
Executes /home/joel.chacon/AVSD_MOEA_D/bias/vsd-moea-d-base-L-Indicator-Adaptation_ASF_V1/Ejecutable /home/joel.chacon/AVSD_MOEA_D/bias/vsd-moea-d-base-L-Indicator-Adaptation_ASF_V1 BT1 12 2 100 501 25000000 0 0.75 30 0.4 0.5 in core with id 12
Executes /home/joel.chacon/AVSD_MOEA_D/bias/vsd-moea-d-base-L-Indicator-Adaptation_ASF_V1/Ejecutable /home/joel.chacon/AVSD_MOEA_D/bias/vsd-moea-d-base-L-Indicator-Adaptation_ASF_V1 BT1 13 2 100 501 25000000 0 0.75 30 0.4 0.5 in core with id 13
Executes /home/joel.chacon/AVSD_MOEA_D/bias/vsd-moea-d-base-L-Indicator-Adaptation_ASF_V1/Ejecutable /home/joel.chacon/AVSD_MOEA_D/bias/vsd-moea-d-base-L-Indicator-Adaptation_ASF_V1 BT1 14 2 100 501 25000000 0 0.75 30 0.4 0.5 in core with id 14
Executes /home/joel.chacon/AVSD_MOEA_D/bias/vsd-moea-d-base-L-Indicator-Adaptation_ASF_V1/Ejecutable /home/joel.chacon/AVSD_MOEA_D/bias/vsd-moea-d-base-L-Indicator-Adaptation_ASF_V1 BT1 15 2 100 501 25000000 0 0.75 30 0.4 0.5 in core with id 15
Executes /home/joel.chacon/AVSD_MOEA_D/bias/vsd-moea-d-base-L-Indicator-Adaptation_ASF_V1/Ejecutable /home/joel.chacon/AVSD_MOEA_D/bias/vsd-moea-d-base-L-Indicator-Adaptation_ASF_V1 BT1 16 2 100 501 25000000 0 0.75 30 0.4 0.5 in core with id 16
Executes /home/joel.chacon/AVSD_MOEA_D/bias/vsd-moea-d-base-L-Indicator-Adaptation_ASF_V1/Ejecutable /home/joel.chacon/AVSD_MOEA_D/bias/vsd-moea-d-base-L-Indicator-Adaptation_ASF_V1 BT1 17 2 100 501 25000000 0 0.75 30 0.4 0.5 in core with id 17
Executes /home/joel.chacon/AVSD_MOEA_D/bias/vsd-moea-d-base-L-Indicator-Adaptation_ASF_V1/Ejecutable /home/joel.chacon/AVSD_MOEA_D/bias/vsd-moea-d-base-L-Indicator-Adaptation_ASF_V1 BT1 18 2 100 501 25000000 0 0.75 30 0.4 0.5 in core with id 18
Executes /home/joel.chacon/AVSD_MOEA_D/bias/vsd-moea-d-base-L-Indicator-Adaptation_ASF_V1/Ejecutable /home/joel.chacon/AVSD_MOEA_D/bias/vsd-moea-d-base-L-Indicator-Adaptation_ASF_V1 BT1 19 2 100 501 25000000 0 0.75 30 0.4 0.5 in core with id 19
Executes /home/joel.chacon/AVSD_MOEA_D/bias/vsd-moea-d-base-L-Indicator-Adaptation_ASF_V1/Ejecutable /home/joel.chacon/AVSD_MOEA_D/bias/vsd-moea-d-base-L-Indicator-Adaptation_ASF_V1 BT1 20 2 100 501 25000000 0 0.75 30 0.4 0.5 in core with id 20
Executes /home/joel.chacon/AVSD_MOEA_D/bias/vsd-moea-d-base-L-Indicator-Adaptation_ASF_V1/Ejecutable /home/joel.chacon/AVSD_MOEA_D/bias/vsd-moea-d-base-L-Indicator-Adaptation_ASF_V1 BT1 21 2 100 501 25000000 0 0.75 30 0.4 0.5 in core with id 21
Executes /home/joel.chacon/AVSD_MOEA_D/bias/vsd-moea-d-base-L-Indicator-Adaptation_ASF_V1/Ejecutable /home/joel.chacon/AVSD_MOEA_D/bias/vsd-moea-d-base-L-Indicator-Adaptation_ASF_V1 BT1 22 2 100 501 25000000 0 0.75 30 0.4 0.5 in core with id 22
Executes /home/joel.chacon/AVSD_MOEA_D/bias/vsd-moea-d-base-L-Indicator-Adaptation_ASF_V1/Ejecutable /home/joel.chacon/AVSD_MOEA_D/bias/vsd-moea-d-base-L-Indicator-Adaptation_ASF_V1 BT1 23 2 100 501 25000000 0 0.75 30 0.4 0.5 in core with id 23
Executes /home/joel.chacon/AVSD_MOEA_D/bias/vsd-moea-d-base-L-Indicator-Adaptation_ASF_V1/Ejecutable /home/joel.chacon/AVSD_MOEA_D/bias/vsd-moea-d-base-L-Indicator-Adaptation_ASF_V1 BT1 24 2 100 501 25000000 0 0.75 30 0.4 0.5 in core with id 24
Executes /home/joel.chacon/AVSD_MOEA_D/bias/vsd-moea-d-base-L-Indicator-Adaptation_ASF_V1/Ejecutable /home/joel.chacon/AVSD_MOEA_D/bias/vsd-moea-d-base-L-Indicator-Adaptation_ASF_V1 BT1 25 2 100 501 25000000 0 0.75 30 0.4 0.5 in core with id 25
Executes /home/joel.chacon/AVSD_MOEA_D/bias/vsd-moea-d-base-L-Indicator-Adaptation_ASF_V1/Ejecutable /home/joel.chacon/AVSD_MOEA_D/bias/vsd-moea-d-base-L-Indicator-Adaptation_ASF_V1 BT1 26 2 100 501 25000000 0 0.75 30 0.4 0.5 in core with id 26
Executes /home/joel.chacon/AVSD_MOEA_D/bias/vsd-moea-d-base-L-Indicator-Adaptation_ASF_V1/Ejecutable /home/joel.chacon/AVSD_MOEA_D/bias/vsd-moea-d-base-L-Indicator-Adaptation_ASF_V1 BT1 27 2 100 501 25000000 0 0.75 30 0.4 0.5 in core with id 27
Executes /home/joel.chacon/AVSD_MOEA_D/bias/vsd-moea-d-base-L-Indicator-Adaptation_ASF_V1/Ejecutable /home/joel.chacon/AVSD_MOEA_D/bias/vsd-moea-d-base-L-Indicator-Adaptation_ASF_V1 BT1 28 2 100 501 25000000 0 0.75 30 0.4 0.5 in core with id 28
Executes /home/joel.chacon/AVSD_MOEA_D/bias/vsd-moea-d-base-L-Indicator-Adaptation_ASF_V1/Ejecutable /home/joel.chacon/AVSD_MOEA_D/bias/vsd-moea-d-base-L-Indicator-Adaptation_ASF_V1 BT1 29 2 100 501 25000000 0 0.75 30 0.4 0.5 in core with id 29
Executes /home/joel.chacon/AVSD_MOEA_D/bias/vsd-moea-d-base-L-Indicator-Adaptation_ASF_V1/Ejecutable /home/joel.chacon/AVSD_MOEA_D/bias/vsd-moea-d-base-L-Indicator-Adaptation_ASF_V1 BT1 30 2 100 501 25000000 0 0.75 30 0.4 0.5 in core with id 30
Executes /home/joel.chacon/AVSD_MOEA_D/bias/vsd-moea-d-base-L-Indicator-Adaptation_ASF_V1/Ejecutable /home/joel.chacon/AVSD_MOEA_D/bias/vsd-moea-d-base-L-Indicator-Adaptation_ASF_V1 BT1 31 2 100 501 25000000 0 0.75 30 0.4 0.5 in core with id 31
Executes /home/joel.chacon/AVSD_MOEA_D/bias/vsd-moea-d-base-L-Indicator-Adaptation_ASF_V1/Ejecutable /home/joel.chacon/AVSD_MOEA_D/bias/vsd-moea-d-base-L-Indicator-Adaptation_ASF_V1 BT1 32 2 100 501 25000000 0 0.75 30 0.4 0.5 in core with id 32
Executes /home/joel.chacon/AVSD_MOEA_D/bias/vsd-moea-d-base-L-Indicator-Adaptation_ASF_V1/Ejecutable /home/joel.chacon/AVSD_MOEA_D/bias/vsd-moea-d-base-L-Indicator-Adaptation_ASF_V1 BT1 33 2 100 501 25000000 0 0.75 30 0.4 0.5 in core with id 33
Executes /home/joel.chacon/AVSD_MOEA_D/bias/vsd-moea-d-base-L-Indicator-Adaptation_ASF_V1/Ejecutable /home/joel.chacon/AVSD_MOEA_D/bias/vsd-moea-d-base-L-Indicator-Adaptation_ASF_V1 BT1 34 2 100 501 25000000 0 0.75 30 0.4 0.5 in core with id 34
Executes /home/joel.chacon/AVSD_MOEA_D/bias/vsd-moea-d-base-L-Indicator-Adaptation_ASF_V1/Ejecutable /home/joel.chacon/AVSD_MOEA_D/bias/vsd-moea-d-base-L-Indicator-Adaptation_ASF_V1 BT1 35 2 100 501 25000000 0 0.75 30 0.4 0.5 in core with id 35
Executes /home/joel.chacon/AVSD_MOEA_D/bias/vsd-moea-d-base-L-Indicator-Adaptation_ASF_V1/Ejecutable /home/joel.chacon/AVSD_MOEA_D/bias/vsd-moea-d-base-L-Indicator-Adaptation_ASF_V1 BT7 1 2 100 501 25000000 0 0.75 30 0.4 0.5 in core with id 36
Executes /home/joel.chacon/AVSD_MOEA_D/bias/vsd-moea-d-base-L-Indicator-Adaptation_ASF_V1/Ejecutable /home/joel.chacon/AVSD_MOEA_D/bias/vsd-moea-d-base-L-Indicator-Adaptation_ASF_V1 BT7 2 2 100 501 25000000 0 0.75 30 0.4 0.5 in core with id 37
Executes /home/joel.chacon/AVSD_MOEA_D/bias/vsd-moea-d-base-L-Indicator-Adaptation_ASF_V1/Ejecutable /home/joel.chacon/AVSD_MOEA_D/bias/vsd-moea-d-base-L-Indicator-Adaptation_ASF_V1 BT7 3 2 100 501 25000000 0 0.75 30 0.4 0.5 in core with id 38
Executes /home/joel.chacon/AVSD_MOEA_D/bias/vsd-moea-d-base-L-Indicator-Adaptation_ASF_V1/Ejecutable /home/joel.chacon/AVSD_MOEA_D/bias/vsd-moea-d-base-L-Indicator-Adaptation_ASF_V1 BT7 4 2 100 501 25000000 0 0.75 30 0.4 0.5 in core with id 39
Executes /home/joel.chacon/AVSD_MOEA_D/bias/vsd-moea-d-base-L-Indicator-Adaptation_ASF_V1/Ejecutable /home/joel.chacon/AVSD_MOEA_D/bias/vsd-moea-d-base-L-Indicator-Adaptation_ASF_V1 BT7 5 2 100 501 25000000 0 0.75 30 0.4 0.5 in core with id 40
Executes /home/joel.chacon/AVSD_MOEA_D/bias/vsd-moea-d-base-L-Indicator-Adaptation_ASF_V1/Ejecutable /home/joel.chacon/AVSD_MOEA_D/bias/vsd-moea-d-base-L-Indicator-Adaptation_ASF_V1 BT7 6 2 100 501 25000000 0 0.75 30 0.4 0.5 in core with id 41
Executes /home/joel.chacon/AVSD_MOEA_D/bias/vsd-moea-d-base-L-Indicator-Adaptation_ASF_V1/Ejecutable /home/joel.chacon/AVSD_MOEA_D/bias/vsd-moea-d-base-L-Indicator-Adaptation_ASF_V1 BT7 7 2 100 501 25000000 0 0.75 30 0.4 0.5 in core with id 42
Executes /home/joel.chacon/AVSD_MOEA_D/bias/vsd-moea-d-base-L-Indicator-Adaptation_ASF_V1/Ejecutable /home/joel.chacon/AVSD_MOEA_D/bias/vsd-moea-d-base-L-Indicator-Adaptation_ASF_V1 BT7 8 2 100 501 25000000 0 0.75 30 0.4 0.5 in core with id 43
Executes /home/joel.chacon/AVSD_MOEA_D/bias/vsd-moea-d-base-L-Indicator-Adaptation_ASF_V1/Ejecutable /home/joel.chacon/AVSD_MOEA_D/bias/vsd-moea-d-base-L-Indicator-Adaptation_ASF_V1 BT7 9 2 100 501 25000000 0 0.75 30 0.4 0.5 in core with id 44
Executes /home/joel.chacon/AVSD_MOEA_D/bias/vsd-moea-d-base-L-Indicator-Adaptation_ASF_V1/Ejecutable /home/joel.chacon/AVSD_MOEA_D/bias/vsd-moea-d-base-L-Indicator-Adaptation_ASF_V1 BT7 10 2 100 501 25000000 0 0.75 30 0.4 0.5 in core with id 45
Executes /home/joel.chacon/AVSD_MOEA_D/bias/vsd-moea-d-base-L-Indicator-Adaptation_ASF_V1/Ejecutable /home/joel.chacon/AVSD_MOEA_D/bias/vsd-moea-d-base-L-Indicator-Adaptation_ASF_V1 BT7 11 2 100 501 25000000 0 0.75 30 0.4 0.5 in core with id 46
Executes /home/joel.chacon/AVSD_MOEA_D/bias/vsd-moea-d-base-L-Indicator-Adaptation_ASF_V1/Ejecutable /home/joel.chacon/AVSD_MOEA_D/bias/vsd-moea-d-base-L-Indicator-Adaptation_ASF_V1 BT7 12 2 100 501 25000000 0 0.75 30 0.4 0.5 in core with id 47
Executes /home/joel.chacon/AVSD_MOEA_D/bias/vsd-moea-d-base-L-Indicator-Adaptation_ASF_V1/Ejecutable /home/joel.chacon/AVSD_MOEA_D/bias/vsd-moea-d-base-L-Indicator-Adaptation_ASF_V1 BT7 13 2 100 501 25000000 0 0.75 30 0.4 0.5 in core with id 48
Executes /home/joel.chacon/AVSD_MOEA_D/bias/vsd-moea-d-base-L-Indicator-Adaptation_ASF_V1/Ejecutable /home/joel.chacon/AVSD_MOEA_D/bias/vsd-moea-d-base-L-Indicator-Adaptation_ASF_V1 BT7 14 2 100 501 25000000 0 0.75 30 0.4 0.5 in core with id 49
Executes /home/joel.chacon/AVSD_MOEA_D/bias/vsd-moea-d-base-L-Indicator-Adaptation_ASF_V1/Ejecutable /home/joel.chacon/AVSD_MOEA_D/bias/vsd-moea-d-base-L-Indicator-Adaptation_ASF_V1 BT7 15 2 100 501 25000000 0 0.75 30 0.4 0.5 in core with id 50
Executes /home/joel.chacon/AVSD_MOEA_D/bias/vsd-moea-d-base-L-Indicator-Adaptation_ASF_V1/Ejecutable /home/joel.chacon/AVSD_MOEA_D/bias/vsd-moea-d-base-L-Indicator-Adaptation_ASF_V1 BT7 16 2 100 501 25000000 0 0.75 30 0.4 0.5 in core with id 51
Executes /home/joel.chacon/AVSD_MOEA_D/bias/vsd-moea-d-base-L-Indicator-Adaptation_ASF_V1/Ejecutable /home/joel.chacon/AVSD_MOEA_D/bias/vsd-moea-d-base-L-Indicator-Adaptation_ASF_V1 BT7 17 2 100 501 25000000 0 0.75 30 0.4 0.5 in core with id 52
Executes /home/joel.chacon/AVSD_MOEA_D/bias/vsd-moea-d-base-L-Indicator-Adaptation_ASF_V1/Ejecutable /home/joel.chacon/AVSD_MOEA_D/bias/vsd-moea-d-base-L-Indicator-Adaptation_ASF_V1 BT7 18 2 100 501 25000000 0 0.75 30 0.4 0.5 in core with id 53
Executes /home/joel.chacon/AVSD_MOEA_D/bias/vsd-moea-d-base-L-Indicator-Adaptation_ASF_V1/Ejecutable /home/joel.chacon/AVSD_MOEA_D/bias/vsd-moea-d-base-L-Indicator-Adaptation_ASF_V1 BT7 19 2 100 501 25000000 0 0.75 30 0.4 0.5 in core with id 54
Executes /home/joel.chacon/AVSD_MOEA_D/bias/vsd-moea-d-base-L-Indicator-Adaptation_ASF_V1/Ejecutable /home/joel.chacon/AVSD_MOEA_D/bias/vsd-moea-d-base-L-Indicator-Adaptation_ASF_V1 BT7 20 2 100 501 25000000 0 0.75 30 0.4 0.5 in core with id 55
Executes /home/joel.chacon/AVSD_MOEA_D/bias/vsd-moea-d-base-L-Indicator-Adaptation_ASF_V1/Ejecutable /home/joel.chacon/AVSD_MOEA_D/bias/vsd-moea-d-base-L-Indicator-Adaptation_ASF_V1 BT7 21 2 100 501 25000000 0 0.75 30 0.4 0.5 in core with id 56
Executes /home/joel.chacon/AVSD_MOEA_D/bias/vsd-moea-d-base-L-Indicator-Adaptation_ASF_V1/Ejecutable /home/joel.chacon/AVSD_MOEA_D/bias/vsd-moea-d-base-L-Indicator-Adaptation_ASF_V1 BT7 22 2 100 501 25000000 0 0.75 30 0.4 0.5 in core with id 57
Executes /home/joel.chacon/AVSD_MOEA_D/bias/vsd-moea-d-base-L-Indicator-Adaptation_ASF_V1/Ejecutable /home/joel.chacon/AVSD_MOEA_D/bias/vsd-moea-d-base-L-Indicator-Adaptation_ASF_V1 BT7 23 2 100 501 25000000 0 0.75 30 0.4 0.5 in core with id 58
Executes /home/joel.chacon/AVSD_MOEA_D/bias/vsd-moea-d-base-L-Indicator-Adaptation_ASF_V1/Ejecutable /home/joel.chacon/AVSD_MOEA_D/bias/vsd-moea-d-base-L-Indicator-Adaptation_ASF_V1 BT7 24 2 100 501 25000000 0 0.75 30 0.4 0.5 in core with id 59
Executes /home/joel.chacon/AVSD_MOEA_D/bias/vsd-moea-d-base-L-Indicator-Adaptation_ASF_V1/Ejecutable /home/joel.chacon/AVSD_MOEA_D/bias/vsd-moea-d-base-L-Indicator-Adaptation_ASF_V1 BT7 25 2 100 501 25000000 0 0.75 30 0.4 0.5 in core with id 60
Executes /home/joel.chacon/AVSD_MOEA_D/bias/vsd-moea-d-base-L-Indicator-Adaptation_ASF_V1/Ejecutable /home/joel.chacon/AVSD_MOEA_D/bias/vsd-moea-d-base-L-Indicator-Adaptation_ASF_V1 BT7 26 2 100 501 25000000 0 0.75 30 0.4 0.5 in core with id 61
Executes /home/joel.chacon/AVSD_MOEA_D/bias/vsd-moea-d-base-L-Indicator-Adaptation_ASF_V1/Ejecutable /home/joel.chacon/AVSD_MOEA_D/bias/vsd-moea-d-base-L-Indicator-Adaptation_ASF_V1 BT7 27 2 100 501 25000000 0 0.75 30 0.4 0.5 in core with id 62
Executes /home/joel.chacon/AVSD_MOEA_D/bias/vsd-moea-d-base-L-Indicator-Adaptation_ASF_V1/Ejecutable /home/joel.chacon/AVSD_MOEA_D/bias/vsd-moea-d-base-L-Indicator-Adaptation_ASF_V1 BT7 28 2 100 501 25000000 0 0.75 30 0.4 0.5 in core with id 63
Executes /home/joel.chacon/AVSD_MOEA_D/bias/vsd-moea-d-base-L-Indicator-Adaptation_ASF_V1/Ejecutable /home/joel.chacon/AVSD_MOEA_D/bias/vsd-moea-d-base-L-Indicator-Adaptation_ASF_V1 BT7 29 2 100 501 25000000 0 0.75 30 0.4 0.5 in core with id 64
Executes /home/joel.chacon/AVSD_MOEA_D/bias/vsd-moea-d-base-L-Indicator-Adaptation_ASF_V1/Ejecutable /home/joel.chacon/AVSD_MOEA_D/bias/vsd-moea-d-base-L-Indicator-Adaptation_ASF_V1 BT7 30 2 100 501 25000000 0 0.75 30 0.4 0.5 in core with id 65
Executes /home/joel.chacon/AVSD_MOEA_D/bias/vsd-moea-d-base-L-Indicator-Adaptation_ASF_V1/Ejecutable /home/joel.chacon/AVSD_MOEA_D/bias/vsd-moea-d-base-L-Indicator-Adaptation_ASF_V1 BT7 31 2 100 501 25000000 0 0.75 30 0.4 0.5 in core with id 66
Executes /home/joel.chacon/AVSD_MOEA_D/bias/vsd-moea-d-base-L-Indicator-Adaptation_ASF_V1/Ejecutable /home/joel.chacon/AVSD_MOEA_D/bias/vsd-moea-d-base-L-Indicator-Adaptation_ASF_V1 BT7 32 2 100 501 25000000 0 0.75 30 0.4 0.5 in core with id 67
Executes /home/joel.chacon/AVSD_MOEA_D/bias/vsd-moea-d-base-L-Indicator-Adaptation_ASF_V1/Ejecutable /home/joel.chacon/AVSD_MOEA_D/bias/vsd-moea-d-base-L-Indicator-Adaptation_ASF_V1 BT7 33 2 100 501 25000000 0 0.75 30 0.4 0.5 in core with id 68
Executes /home/joel.chacon/AVSD_MOEA_D/bias/vsd-moea-d-base-L-Indicator-Adaptation_ASF_V1/Ejecutable /home/joel.chacon/AVSD_MOEA_D/bias/vsd-moea-d-base-L-Indicator-Adaptation_ASF_V1 BT7 34 2 100 501 25000000 0 0.75 30 0.4 0.5 in core with id 69
Executes /home/joel.chacon/AVSD_MOEA_D/bias/vsd-moea-d-base-L-Indicator-Adaptation_ASF_V1/Ejecutable /home/joel.chacon/AVSD_MOEA_D/bias/vsd-moea-d-base-L-Indicator-Adaptation_ASF_V1 BT7 35 2 100 501 25000000 0 0.75 30 0.4 0.5 in core with id 70
